[ 2015-11-10T22:33:35+08:00 ] 127.0.0.1 /tp323/
INFO: [ app_init ] --START--
INFO: Run Behavior\BuildLiteBehavior [ RunTime:0.000000s ]
INFO: [ app_init ] --END-- [ RunTime:0.000000s ]
INFO: [ app_begin ] --START--
INFO: Run Behavior\ReadHtmlCacheBehavior [ RunTime:0.000000s ]
INFO: [ app_begin ] --END-- [ RunTime:0.001000s ]
INFO: [ view_parse ] --START--
INFO: Run Behavior\ParseTemplateBehavior [ RunTime:0.001000s ]
INFO: [ view_parse ] --END-- [ RunTime:0.001000s ]
INFO: [ view_filter ] --START--
INFO: Run Behavior\WriteHtmlCacheBehavior [ RunTime:0.001000s ]
INFO: [ view_filter ] --END-- [ RunTime:0.001000s ]
INFO: [ app_end ] --START--
INFO: Run Behavior\ShowPageTraceBehavior [ RunTime:0.001000s ]
INFO: [ app_end ] --END-- [ RunTime:0.001000s ]

[ 2015-11-10T22:38:41+08:00 ] 127.0.0.1 /tp323/
INFO: [ app_init ] --START--
INFO: Run Behavior\BuildLiteBehavior [ RunTime:0.000000s ]
INFO: [ app_init ] --END-- [ RunTime:0.000000s ]
INFO: [ app_begin ] --START--
INFO: Run Behavior\ReadHtmlCacheBehavior [ RunTime:0.000000s ]
INFO: [ app_begin ] --END-- [ RunTime:0.000000s ]
ERR: 模板不存在:./Application/Home/View/Index/index.html

[ 2015-11-10T22:39:12+08:00 ] 127.0.0.1 /tp323/
INFO: [ app_init ] --START--
INFO: Run Behavior\BuildLiteBehavior [ RunTime:0.000000s ]
INFO: [ app_init ] --END-- [ RunTime:0.000000s ]
INFO: [ app_begin ] --START--
INFO: Run Behavior\ReadHtmlCacheBehavior [ RunTime:0.000000s ]
INFO: [ app_begin ] --END-- [ RunTime:0.000000s ]
INFO: [ view_parse ] --START--
INFO: [ template_filter ] --START--
INFO: Run Behavior\ContentReplaceBehavior [ RunTime:0.000000s ]
INFO: [ template_filter ] --END-- [ RunTime:0.000000s ]
INFO: Run Behavior\ParseTemplateBehavior [ RunTime:0.015600s ]
INFO: [ view_parse ] --END-- [ RunTime:0.015600s ]
INFO: [ view_filter ] --START--
INFO: Run Behavior\WriteHtmlCacheBehavior [ RunTime:0.000000s ]
INFO: [ view_filter ] --END-- [ RunTime:0.000000s ]
INFO: [ app_end ] --START--
INFO: Run Behavior\ShowPageTraceBehavior [ RunTime:0.000000s ]
INFO: [ app_end ] --END-- [ RunTime:0.000000s ]

[ 2015-11-10T22:40:27+08:00 ] 127.0.0.1 /tp323/
INFO: [ app_init ] --START--
INFO: Run Behavior\BuildLiteBehavior [ RunTime:0.001000s ]
INFO: [ app_init ] --END-- [ RunTime:0.001000s ]
INFO: [ app_begin ] --START--
INFO: Run Behavior\ReadHtmlCacheBehavior [ RunTime:0.000000s ]
INFO: [ app_begin ] --END-- [ RunTime:0.001000s ]
INFO: [ view_parse ] --START--
INFO: [ template_filter ] --START--
INFO: Run Behavior\ContentReplaceBehavior [ RunTime:0.000000s ]
INFO: [ template_filter ] --END-- [ RunTime:0.000000s ]
INFO: Run Behavior\ParseTemplateBehavior [ RunTime:0.003000s ]
INFO: [ view_parse ] --END-- [ RunTime:0.003000s ]
INFO: [ view_filter ] --START--
INFO: Run Behavior\WriteHtmlCacheBehavior [ RunTime:0.001000s ]
INFO: [ view_filter ] --END-- [ RunTime:0.001000s ]
INFO: [ app_end ] --START--
INFO: Run Behavior\ShowPageTraceBehavior [ RunTime:0.000000s ]
INFO: [ app_end ] --END-- [ RunTime:0.000000s ]

[ 2015-11-10T22:40:27+08:00 ] 127.0.0.1 /tp323/
INFO: [ app_init ] --START--
INFO: Run Behavior\BuildLiteBehavior [ RunTime:0.000000s ]
INFO: [ app_init ] --END-- [ RunTime:0.000000s ]
INFO: [ app_begin ] --START--
INFO: Run Behavior\ReadHtmlCacheBehavior [ RunTime:0.000000s ]
INFO: [ app_begin ] --END-- [ RunTime:0.000000s ]
INFO: [ view_parse ] --START--
INFO: [ template_filter ] --START--
INFO: Run Behavior\ContentReplaceBehavior [ RunTime:0.000000s ]
INFO: [ template_filter ] --END-- [ RunTime:0.000000s ]
INFO: Run Behavior\ParseTemplateBehavior [ RunTime:0.002000s ]
INFO: [ view_parse ] --END-- [ RunTime:0.002000s ]
INFO: [ view_filter ] --START--
INFO: Run Behavior\WriteHtmlCacheBehavior [ RunTime:0.000000s ]
INFO: [ view_filter ] --END-- [ RunTime:0.000000s ]
INFO: [ app_end ] --START--
INFO: Run Behavior\ShowPageTraceBehavior [ RunTime:0.001000s ]
INFO: [ app_end ] --END-- [ RunTime:0.001000s ]

[ 2015-11-10T22:40:27+08:00 ] 127.0.0.1 /tp323/
INFO: [ app_init ] --START--
INFO: Run Behavior\BuildLiteBehavior [ RunTime:0.000000s ]
INFO: [ app_init ] --END-- [ RunTime:0.001000s ]
INFO: [ app_begin ] --START--
INFO: Run Behavior\ReadHtmlCacheBehavior [ RunTime:0.000000s ]
INFO: [ app_begin ] --END-- [ RunTime:0.000000s ]
INFO: [ view_parse ] --START--
INFO: [ template_filter ] --START--
INFO: Run Behavior\ContentReplaceBehavior [ RunTime:0.000000s ]
INFO: [ template_filter ] --END-- [ RunTime:0.000000s ]
INFO: Run Behavior\ParseTemplateBehavior [ RunTime:0.003000s ]
INFO: [ view_parse ] --END-- [ RunTime:0.003000s ]
INFO: [ view_filter ] --START--
INFO: Run Behavior\WriteHtmlCacheBehavior [ RunTime:0.000000s ]
INFO: [ view_filter ] --END-- [ RunTime:0.000000s ]
INFO: [ app_end ] --START--
INFO: Run Behavior\ShowPageTraceBehavior [ RunTime:0.000000s ]
INFO: [ app_end ] --END-- [ RunTime:0.000000s ]

[ 2015-11-10T22:40:28+08:00 ] 127.0.0.1 /tp323/
INFO: [ app_init ] --START--
INFO: Run Behavior\BuildLiteBehavior [ RunTime:0.000000s ]
INFO: [ app_init ] --END-- [ RunTime:0.000000s ]
INFO: [ app_begin ] --START--
INFO: Run Behavior\ReadHtmlCacheBehavior [ RunTime:0.000000s ]
INFO: [ app_begin ] --END-- [ RunTime:0.000000s ]
INFO: [ view_parse ] --START--
INFO: [ template_filter ] --START--
INFO: Run Behavior\ContentReplaceBehavior [ RunTime:0.000000s ]
INFO: [ template_filter ] --END-- [ RunTime:0.000000s ]
INFO: Run Behavior\ParseTemplateBehavior [ RunTime:0.002000s ]
INFO: [ view_parse ] --END-- [ RunTime:0.002000s ]
INFO: [ view_filter ] --START--
INFO: Run Behavior\WriteHtmlCacheBehavior [ RunTime:0.000000s ]
INFO: [ view_filter ] --END-- [ RunTime:0.001000s ]
INFO: [ app_end ] --START--
INFO: Run Behavior\ShowPageTraceBehavior [ RunTime:0.000000s ]
INFO: [ app_end ] --END-- [ RunTime:0.000000s ]

[ 2015-11-10T22:41:02+08:00 ] 127.0.0.1 /tp323/
INFO: [ app_init ] --START--
INFO: Run Behavior\BuildLiteBehavior [ RunTime:0.000000s ]
INFO: [ app_init ] --END-- [ RunTime:0.000000s ]
INFO: [ app_begin ] --START--
INFO: Run Behavior\ReadHtmlCacheBehavior [ RunTime:0.000000s ]
INFO: [ app_begin ] --END-- [ RunTime:0.000000s ]
INFO: [ view_parse ] --START--
INFO: [ template_filter ] --START--
INFO: Run Behavior\ContentReplaceBehavior [ RunTime:0.000000s ]
INFO: [ template_filter ] --END-- [ RunTime:0.000000s ]
INFO: Run Behavior\ParseTemplateBehavior [ RunTime:0.003000s ]
INFO: [ view_parse ] --END-- [ RunTime:0.003000s ]
INFO: [ view_filter ] --START--
INFO: Run Behavior\WriteHtmlCacheBehavior [ RunTime:0.000000s ]
INFO: [ view_filter ] --END-- [ RunTime:0.000000s ]
INFO: [ app_end ] --START--
INFO: Run Behavior\ShowPageTraceBehavior [ RunTime:0.000000s ]
INFO: [ app_end ] --END-- [ RunTime:0.001001s ]

[ 2015-11-10T22:41:02+08:00 ] 127.0.0.1 /tp323/
INFO: [ app_init ] --START--
INFO: Run Behavior\BuildLiteBehavior [ RunTime:0.000000s ]
INFO: [ app_init ] --END-- [ RunTime:0.000000s ]
INFO: [ app_begin ] --START--
INFO: Run Behavior\ReadHtmlCacheBehavior [ RunTime:0.015600s ]
INFO: [ app_begin ] --END-- [ RunTime:0.015600s ]
INFO: [ view_parse ] --START--
INFO: [ template_filter ] --START--
INFO: Run Behavior\ContentReplaceBehavior [ RunTime:0.000000s ]
INFO: [ template_filter ] --END-- [ RunTime:0.000000s ]
INFO: Run Behavior\ParseTemplateBehavior [ RunTime:0.005001s ]
INFO: [ view_parse ] --END-- [ RunTime:0.005001s ]
INFO: [ view_filter ] --START--
INFO: Run Behavior\WriteHtmlCacheBehavior [ RunTime:0.000000s ]
INFO: [ view_filter ] --END-- [ RunTime:0.000000s ]
INFO: [ app_end ] --START--
INFO: Run Behavior\ShowPageTraceBehavior [ RunTime:0.001000s ]
INFO: [ app_end ] --END-- [ RunTime:0.001000s ]

[ 2015-11-10T22:41:02+08:00 ] 127.0.0.1 /tp323/
INFO: [ app_init ] --START--
INFO: Run Behavior\BuildLiteBehavior [ RunTime:0.000000s ]
INFO: [ app_init ] --END-- [ RunTime:0.000000s ]
INFO: [ app_begin ] --START--
INFO: Run Behavior\ReadHtmlCacheBehavior [ RunTime:0.001000s ]
INFO: [ app_begin ] --END-- [ RunTime:0.001000s ]
INFO: [ view_parse ] --START--
INFO: [ template_filter ] --START--
INFO: Run Behavior\ContentReplaceBehavior [ RunTime:0.000000s ]
INFO: [ template_filter ] --END-- [ RunTime:0.000000s ]
INFO: Run Behavior\ParseTemplateBehavior [ RunTime:0.003000s ]
INFO: [ view_parse ] --END-- [ RunTime:0.003000s ]
INFO: [ view_filter ] --START--
INFO: Run Behavior\WriteHtmlCacheBehavior [ RunTime:0.000000s ]
INFO: [ view_filter ] --END-- [ RunTime:0.000000s ]
INFO: [ app_end ] --START--
INFO: Run Behavior\ShowPageTraceBehavior [ RunTime:0.000000s ]
INFO: [ app_end ] --END-- [ RunTime:0.000000s ]

[ 2015-11-10T22:41:03+08:00 ] 127.0.0.1 /tp323/
INFO: [ app_init ] --START--
INFO: Run Behavior\BuildLiteBehavior [ RunTime:0.000000s ]
INFO: [ app_init ] --END-- [ RunTime:0.001001s ]
INFO: [ app_begin ] --START--
INFO: Run Behavior\ReadHtmlCacheBehavior [ RunTime:0.000000s ]
INFO: [ app_begin ] --END-- [ RunTime:0.000000s ]
INFO: [ view_parse ] --START--
INFO: [ template_filter ] --START--
INFO: Run Behavior\ContentReplaceBehavior [ RunTime:0.000000s ]
INFO: [ template_filter ] --END-- [ RunTime:0.000000s ]
INFO: Run Behavior\ParseTemplateBehavior [ RunTime:0.003000s ]
INFO: [ view_parse ] --END-- [ RunTime:0.003000s ]
INFO: [ view_filter ] --START--
INFO: Run Behavior\WriteHtmlCacheBehavior [ RunTime:0.000000s ]
INFO: [ view_filter ] --END-- [ RunTime:0.000000s ]
INFO: [ app_end ] --START--
INFO: Run Behavior\ShowPageTraceBehavior [ RunTime:0.000000s ]
INFO: [ app_end ] --END-- [ RunTime:0.000000s ]

[ 2015-11-10T22:41:03+08:00 ] 127.0.0.1 /tp323/
INFO: [ app_init ] --START--
INFO: Run Behavior\BuildLiteBehavior [ RunTime:0.000000s ]
INFO: [ app_init ] --END-- [ RunTime:0.000000s ]
INFO: [ app_begin ] --START--
INFO: Run Behavior\ReadHtmlCacheBehavior [ RunTime:0.001000s ]
INFO: [ app_begin ] --END-- [ RunTime:0.001000s ]
INFO: [ view_parse ] --START--
INFO: [ template_filter ] --START--
INFO: Run Behavior\ContentReplaceBehavior [ RunTime:0.000000s ]
INFO: [ template_filter ] --END-- [ RunTime:0.000000s ]
INFO: Run Behavior\ParseTemplateBehavior [ RunTime:0.003000s ]
INFO: [ view_parse ] --END-- [ RunTime:0.003000s ]
INFO: [ view_filter ] --START--
INFO: Run Behavior\WriteHtmlCacheBehavior [ RunTime:0.000000s ]
INFO: [ view_filter ] --END-- [ RunTime:0.000000s ]
INFO: [ app_end ] --START--
INFO: Run Behavior\ShowPageTraceBehavior [ RunTime:0.000000s ]
INFO: [ app_end ] --END-- [ RunTime:0.000000s ]

[ 2015-11-10T22:41:53+08:00 ] 127.0.0.1 /tp323/
INFO: [ app_init ] --START--
INFO: Run Behavior\BuildLiteBehavior [ RunTime:0.000000s ]
INFO: [ app_init ] --END-- [ RunTime:0.001000s ]
INFO: [ app_begin ] --START--
INFO: Run Behavior\ReadHtmlCacheBehavior [ RunTime:0.001000s ]
INFO: [ app_begin ] --END-- [ RunTime:0.001000s ]
INFO: [ view_parse ] --START--
INFO: [ template_filter ] --START--
INFO: Run Behavior\ContentReplaceBehavior [ RunTime:0.000000s ]
INFO: [ template_filter ] --END-- [ RunTime:0.000000s ]
INFO: Run Behavior\ParseTemplateBehavior [ RunTime:0.009001s ]
INFO: [ view_parse ] --END-- [ RunTime:0.009001s ]
INFO: [ view_filter ] --START--
INFO: Run Behavior\WriteHtmlCacheBehavior [ RunTime:0.000000s ]
INFO: [ view_filter ] --END-- [ RunTime:0.000000s ]
INFO: [ app_end ] --START--
INFO: Run Behavior\ShowPageTraceBehavior [ RunTime:0.001000s ]
INFO: [ app_end ] --END-- [ RunTime:0.001000s ]

[ 2015-11-10T22:42:07+08:00 ] 127.0.0.1 /tp323/
INFO: [ app_init ] --START--
INFO: Run Behavior\BuildLiteBehavior [ RunTime:0.000000s ]
INFO: [ app_init ] --END-- [ RunTime:0.000000s ]
INFO: [ app_begin ] --START--
INFO: Run Behavior\ReadHtmlCacheBehavior [ RunTime:0.015600s ]
INFO: [ app_begin ] --END-- [ RunTime:0.015600s ]
INFO: [ view_parse ] --START--
INFO: [ template_filter ] --START--
INFO: Run Behavior\ContentReplaceBehavior [ RunTime:0.000000s ]
INFO: [ template_filter ] --END-- [ RunTime:0.000000s ]
INFO: Run Behavior\ParseTemplateBehavior [ RunTime:0.006001s ]
INFO: [ view_parse ] --END-- [ RunTime:0.007001s ]
INFO: [ view_filter ] --START--
INFO: Run Behavior\WriteHtmlCacheBehavior [ RunTime:0.000000s ]
INFO: [ view_filter ] --END-- [ RunTime:0.000000s ]
INFO: [ app_end ] --START--
INFO: Run Behavior\ShowPageTraceBehavior [ RunTime:0.001000s ]
INFO: [ app_end ] --END-- [ RunTime:0.001000s ]

[ 2015-11-10T22:42:21+08:00 ] 127.0.0.1 /tp323/
INFO: [ app_init ] --START--
INFO: Run Behavior\BuildLiteBehavior [ RunTime:0.000000s ]
INFO: [ app_init ] --END-- [ RunTime:0.000000s ]
INFO: [ app_begin ] --START--
INFO: Run Behavior\ReadHtmlCacheBehavior [ RunTime:0.000000s ]
INFO: [ app_begin ] --END-- [ RunTime:0.000000s ]
INFO: [ view_parse ] --START--
INFO: [ template_filter ] --START--
INFO: Run Behavior\ContentReplaceBehavior [ RunTime:0.000000s ]
INFO: [ template_filter ] --END-- [ RunTime:0.000000s ]
INFO: Run Behavior\ParseTemplateBehavior [ RunTime:0.000000s ]
INFO: [ view_parse ] --END-- [ RunTime:0.000000s ]
INFO: [ view_filter ] --START--
INFO: Run Behavior\WriteHtmlCacheBehavior [ RunTime:0.000000s ]
INFO: [ view_filter ] --END-- [ RunTime:0.000000s ]
INFO: [ app_end ] --START--
INFO: Run Behavior\ShowPageTraceBehavior [ RunTime:0.000000s ]
INFO: [ app_end ] --END-- [ RunTime:0.000000s ]

[ 2015-11-10T22:43:19+08:00 ] 127.0.0.1 /tp323/
INFO: [ app_init ] --START--
INFO: Run Behavior\BuildLiteBehavior [ RunTime:0.000000s ]
INFO: [ app_init ] --END-- [ RunTime:0.000000s ]
INFO: [ app_begin ] --START--
INFO: Run Behavior\ReadHtmlCacheBehavior [ RunTime:0.000000s ]
INFO: [ app_begin ] --END-- [ RunTime:0.000000s ]
INFO: [ view_parse ] --START--
INFO: [ template_filter ] --START--
INFO: Run Behavior\ContentReplaceBehavior [ RunTime:0.000000s ]
INFO: [ template_filter ] --END-- [ RunTime:0.000000s ]
INFO: Run Behavior\ParseTemplateBehavior [ RunTime:0.005000s ]
INFO: [ view_parse ] --END-- [ RunTime:0.006000s ]
INFO: [ view_filter ] --START--
INFO: Run Behavior\WriteHtmlCacheBehavior [ RunTime:0.000000s ]
INFO: [ view_filter ] --END-- [ RunTime:0.000000s ]
INFO: [ app_end ] --START--
INFO: Run Behavior\ShowPageTraceBehavior [ RunTime:0.001000s ]
INFO: [ app_end ] --END-- [ RunTime:0.001000s ]

[ 2015-11-10T23:12:06+08:00 ] 127.0.0.1 /tp323/
INFO: [ app_init ] --START--
INFO: Run Behavior\BuildLiteBehavior [ RunTime:0.000000s ]
INFO: [ app_init ] --END-- [ RunTime:0.000000s ]
INFO: [ app_begin ] --START--
INFO: Run Behavior\ReadHtmlCacheBehavior [ RunTime:0.001000s ]
INFO: [ app_begin ] --END-- [ RunTime:0.001000s ]
INFO: [ view_parse ] --START--
INFO: [ template_filter ] --START--
INFO: Run Behavior\ContentReplaceBehavior [ RunTime:0.000000s ]
INFO: [ template_filter ] --END-- [ RunTime:0.000000s ]
INFO: Run Behavior\ParseTemplateBehavior [ RunTime:0.011001s ]
INFO: [ view_parse ] --END-- [ RunTime:0.011001s ]
INFO: [ view_filter ] --START--
INFO: Run Behavior\WriteHtmlCacheBehavior [ RunTime:0.000000s ]
INFO: [ view_filter ] --END-- [ RunTime:0.000000s ]
INFO: [ app_end ] --START--
INFO: Run Behavior\ShowPageTraceBehavior [ RunTime:0.000000s ]
INFO: [ app_end ] --END-- [ RunTime:0.000000s ]

[ 2015-11-10T23:14:21+08:00 ] 127.0.0.1 /tp323/
INFO: [ app_init ] --START--
INFO: Run Behavior\BuildLiteBehavior [ RunTime:0.001000s ]
INFO: [ app_init ] --END-- [ RunTime:0.001000s ]
INFO: [ app_begin ] --START--
INFO: Run Behavior\ReadHtmlCacheBehavior [ RunTime:0.001000s ]
INFO: [ app_begin ] --END-- [ RunTime:0.001000s ]
SQL: SHOW COLUMNS FROM `ecs_category` [ RunTime:0.0020s ]
SQL: SELECT * FROM `ecs_category`  [ RunTime:0.0000s ]
INFO: [ view_parse ] --START--
INFO: [ template_filter ] --START--
INFO: Run Behavior\ContentReplaceBehavior [ RunTime:0.000000s ]
INFO: [ template_filter ] --END-- [ RunTime:0.000000s ]
INFO: Run Behavior\ParseTemplateBehavior [ RunTime:0.004001s ]
INFO: [ view_parse ] --END-- [ RunTime:0.004001s ]
INFO: [ view_filter ] --START--
INFO: Run Behavior\WriteHtmlCacheBehavior [ RunTime:0.000000s ]
INFO: [ view_filter ] --END-- [ RunTime:0.000000s ]
NOTIC: [2] Cannot modify header information - headers already sent by (output started at D:\phpStudy\WWW\tp323\ThinkPHP\Common\functions.php:850) D:\phpStudy\WWW\tp323\ThinkPHP\Library\Think\View.class.php 第 91 行.
NOTIC: [2] Cannot modify header information - headers already sent by (output started at D:\phpStudy\WWW\tp323\ThinkPHP\Common\functions.php:850) D:\phpStudy\WWW\tp323\ThinkPHP\Library\Think\View.class.php 第 92 行.
NOTIC: [2] Cannot modify header information - headers already sent by (output started at D:\phpStudy\WWW\tp323\ThinkPHP\Common\functions.php:850) D:\phpStudy\WWW\tp323\ThinkPHP\Library\Think\View.class.php 第 93 行.
INFO: [ app_end ] --START--
INFO: Run Behavior\ShowPageTraceBehavior [ RunTime:0.000000s ]
INFO: [ app_end ] --END-- [ RunTime:0.000000s ]

[ 2015-11-10T23:15:09+08:00 ] 127.0.0.1 /tp323/
INFO: [ app_init ] --START--
INFO: Run Behavior\BuildLiteBehavior [ RunTime:0.000000s ]
INFO: [ app_init ] --END-- [ RunTime:0.001000s ]
INFO: [ app_begin ] --START--
INFO: Run Behavior\ReadHtmlCacheBehavior [ RunTime:0.001000s ]
INFO: [ app_begin ] --END-- [ RunTime:0.001000s ]
SQL: SHOW COLUMNS FROM `ecs_category` [ RunTime:0.0020s ]
SQL: SELECT * FROM `ecs_category`  [ RunTime:0.0000s ]
INFO: [ view_parse ] --START--
INFO: [ template_filter ] --START--
INFO: Run Behavior\ContentReplaceBehavior [ RunTime:0.000000s ]
INFO: [ template_filter ] --END-- [ RunTime:0.000000s ]
INFO: Run Behavior\ParseTemplateBehavior [ RunTime:0.010001s ]
INFO: [ view_parse ] --END-- [ RunTime:0.010001s ]
INFO: [ view_filter ] --START--
INFO: Run Behavior\WriteHtmlCacheBehavior [ RunTime:0.000000s ]
INFO: [ view_filter ] --END-- [ RunTime:0.000000s ]
NOTIC: [2] Cannot modify header information - headers already sent by (output started at D:\phpStudy\WWW\tp323\ThinkPHP\Common\functions.php:850) D:\phpStudy\WWW\tp323\ThinkPHP\Library\Think\View.class.php 第 91 行.
NOTIC: [2] Cannot modify header information - headers already sent by (output started at D:\phpStudy\WWW\tp323\ThinkPHP\Common\functions.php:850) D:\phpStudy\WWW\tp323\ThinkPHP\Library\Think\View.class.php 第 92 行.
NOTIC: [2] Cannot modify header information - headers already sent by (output started at D:\phpStudy\WWW\tp323\ThinkPHP\Common\functions.php:850) D:\phpStudy\WWW\tp323\ThinkPHP\Library\Think\View.class.php 第 93 行.
INFO: [ app_end ] --START--
INFO: Run Behavior\ShowPageTraceBehavior [ RunTime:0.001000s ]
INFO: [ app_end ] --END-- [ RunTime:0.001000s ]

[ 2015-11-10T23:15:18+08:00 ] 127.0.0.1 /tp323/
INFO: [ app_init ] --START--
INFO: Run Behavior\BuildLiteBehavior [ RunTime:0.000000s ]
INFO: [ app_init ] --END-- [ RunTime:0.000000s ]
INFO: [ app_begin ] --START--
INFO: Run Behavior\ReadHtmlCacheBehavior [ RunTime:0.000000s ]
INFO: [ app_begin ] --END-- [ RunTime:0.000000s ]
SQL: SHOW COLUMNS FROM `ecs_category` [ RunTime:0.0040s ]
SQL: SELECT * FROM `ecs_category`  [ RunTime:0.0000s ]
INFO: [ view_parse ] --START--
INFO: [ template_filter ] --START--
INFO: Run Behavior\ContentReplaceBehavior [ RunTime:0.000000s ]
INFO: [ template_filter ] --END-- [ RunTime:0.000000s ]
INFO: Run Behavior\ParseTemplateBehavior [ RunTime:0.003000s ]
INFO: [ view_parse ] --END-- [ RunTime:0.003000s ]
INFO: [ view_filter ] --START--
INFO: Run Behavior\WriteHtmlCacheBehavior [ RunTime:0.001000s ]
INFO: [ view_filter ] --END-- [ RunTime:0.001000s ]
NOTIC: [2] Cannot modify header information - headers already sent by (output started at D:\phpStudy\WWW\tp323\ThinkPHP\Common\functions.php:850) D:\phpStudy\WWW\tp323\ThinkPHP\Library\Think\View.class.php 第 91 行.
NOTIC: [2] Cannot modify header information - headers already sent by (output started at D:\phpStudy\WWW\tp323\ThinkPHP\Common\functions.php:850) D:\phpStudy\WWW\tp323\ThinkPHP\Library\Think\View.class.php 第 92 行.
NOTIC: [2] Cannot modify header information - headers already sent by (output started at D:\phpStudy\WWW\tp323\ThinkPHP\Common\functions.php:850) D:\phpStudy\WWW\tp323\ThinkPHP\Library\Think\View.class.php 第 93 行.
INFO: [ app_end ] --START--
INFO: Run Behavior\ShowPageTraceBehavior [ RunTime:0.000000s ]
INFO: [ app_end ] --END-- [ RunTime:0.000000s ]

[ 2015-11-10T23:16:26+08:00 ] 127.0.0.1 /tp323/
INFO: [ app_init ] --START--
INFO: Run Behavior\BuildLiteBehavior [ RunTime:0.000000s ]
INFO: [ app_init ] --END-- [ RunTime:0.000000s ]
INFO: [ app_begin ] --START--
INFO: Run Behavior\ReadHtmlCacheBehavior [ RunTime:0.000000s ]
INFO: [ app_begin ] --END-- [ RunTime:0.000000s ]
SQL: SHOW COLUMNS FROM `ecs_category` [ RunTime:0.0030s ]
SQL: SELECT * FROM `ecs_category`  [ RunTime:0.0000s ]
INFO: [ view_parse ] --START--
INFO: [ template_filter ] --START--
INFO: Run Behavior\ContentReplaceBehavior [ RunTime:0.000000s ]
INFO: [ template_filter ] --END-- [ RunTime:0.000000s ]
INFO: Run Behavior\ParseTemplateBehavior [ RunTime:0.003000s ]
INFO: [ view_parse ] --END-- [ RunTime:0.003000s ]
INFO: [ view_filter ] --START--
INFO: Run Behavior\WriteHtmlCacheBehavior [ RunTime:0.000000s ]
INFO: [ view_filter ] --END-- [ RunTime:0.000000s ]
INFO: [ app_end ] --START--
INFO: Run Behavior\ShowPageTraceBehavior [ RunTime:0.000000s ]
INFO: [ app_end ] --END-- [ RunTime:0.000000s ]

[ 2015-11-10T23:18:41+08:00 ] 127.0.0.1 /tp323/
INFO: [ app_init ] --START--
INFO: Run Behavior\BuildLiteBehavior [ RunTime:0.000000s ]
INFO: [ app_init ] --END-- [ RunTime:0.001000s ]
INFO: [ app_begin ] --START--
INFO: Run Behavior\ReadHtmlCacheBehavior [ RunTime:0.000000s ]
INFO: [ app_begin ] --END-- [ RunTime:0.000000s ]
SQL: SHOW COLUMNS FROM `ecs_category` [ RunTime:0.0020s ]
SQL: SELECT * FROM `ecs_category`  [ RunTime:0.0000s ]
INFO: [ view_parse ] --START--
INFO: [ template_filter ] --START--
INFO: Run Behavior\ContentReplaceBehavior [ RunTime:0.000000s ]
INFO: [ template_filter ] --END-- [ RunTime:0.000000s ]
NOTIC: [8] Undefined variable: list D:\phpStudy\WWW\tp323\Application\Runtime\Cache\Home\2a94b8bda04ff446dcedd42276fc99ee.php 第 62 行.
INFO: Run Behavior\ParseTemplateBehavior [ RunTime:0.015001s ]
INFO: [ view_parse ] --END-- [ RunTime:0.016001s ]
INFO: [ view_filter ] --START--
INFO: Run Behavior\WriteHtmlCacheBehavior [ RunTime:0.000000s ]
INFO: [ view_filter ] --END-- [ RunTime:0.000000s ]
INFO: [ app_end ] --START--
INFO: Run Behavior\ShowPageTraceBehavior [ RunTime:0.000000s ]
INFO: [ app_end ] --END-- [ RunTime:0.000000s ]

[ 2015-11-10T23:18:59+08:00 ] 127.0.0.1 /tp323/
INFO: [ app_init ] --START--
INFO: Run Behavior\BuildLiteBehavior [ RunTime:0.000000s ]
INFO: [ app_init ] --END-- [ RunTime:0.001000s ]
INFO: [ app_begin ] --START--
INFO: Run Behavior\ReadHtmlCacheBehavior [ RunTime:0.000000s ]
INFO: [ app_begin ] --END-- [ RunTime:0.000000s ]
SQL: SHOW COLUMNS FROM `ecs_category` [ RunTime:0.0090s ]
SQL: SELECT * FROM `ecs_category`  [ RunTime:0.0000s ]
INFO: [ view_parse ] --START--
INFO: [ template_filter ] --START--
INFO: Run Behavior\ContentReplaceBehavior [ RunTime:0.000000s ]
INFO: [ template_filter ] --END-- [ RunTime:0.000000s ]
NOTIC: [8] Undefined index: id D:\phpStudy\WWW\tp323\Application\Runtime\Cache\Home\2a94b8bda04ff446dcedd42276fc99ee.php 第 62 行.
NOTIC: [8] Undefined index: name D:\phpStudy\WWW\tp323\Application\Runtime\Cache\Home\2a94b8bda04ff446dcedd42276fc99ee.php 第 62 行.
NOTIC: [8] Undefined index: id D:\phpStudy\WWW\tp323\Application\Runtime\Cache\Home\2a94b8bda04ff446dcedd42276fc99ee.php 第 62 行.
NOTIC: [8] Undefined index: name D:\phpStudy\WWW\tp323\Application\Runtime\Cache\Home\2a94b8bda04ff446dcedd42276fc99ee.php 第 62 行.
NOTIC: [8] Undefined index: id D:\phpStudy\WWW\tp323\Application\Runtime\Cache\Home\2a94b8bda04ff446dcedd42276fc99ee.php 第 62 行.
NOTIC: [8] Undefined index: name D:\phpStudy\WWW\tp323\Application\Runtime\Cache\Home\2a94b8bda04ff446dcedd42276fc99ee.php 第 62 行.
NOTIC: [8] Undefined index: id D:\phpStudy\WWW\tp323\Application\Runtime\Cache\Home\2a94b8bda04ff446dcedd42276fc99ee.php 第 62 行.
NOTIC: [8] Undefined index: name D:\phpStudy\WWW\tp323\Application\Runtime\Cache\Home\2a94b8bda04ff446dcedd42276fc99ee.php 第 62 行.
NOTIC: [8] Undefined index: id D:\phpStudy\WWW\tp323\Application\Runtime\Cache\Home\2a94b8bda04ff446dcedd42276fc99ee.php 第 62 行.
NOTIC: [8] Undefined index: name D:\phpStudy\WWW\tp323\Application\Runtime\Cache\Home\2a94b8bda04ff446dcedd42276fc99ee.php 第 62 行.
NOTIC: [8] Undefined index: id D:\phpStudy\WWW\tp323\Application\Runtime\Cache\Home\2a94b8bda04ff446dcedd42276fc99ee.php 第 62 行.
NOTIC: [8] Undefined index: name D:\phpStudy\WWW\tp323\Application\Runtime\Cache\Home\2a94b8bda04ff446dcedd42276fc99ee.php 第 62 行.
NOTIC: [8] Undefined index: id D:\phpStudy\WWW\tp323\Application\Runtime\Cache\Home\2a94b8bda04ff446dcedd42276fc99ee.php 第 62 行.
NOTIC: [8] Undefined index: name D:\phpStudy\WWW\tp323\Application\Runtime\Cache\Home\2a94b8bda04ff446dcedd42276fc99ee.php 第 62 行.
NOTIC: [8] Undefined index: id D:\phpStudy\WWW\tp323\Application\Runtime\Cache\Home\2a94b8bda04ff446dcedd42276fc99ee.php 第 62 行.
NOTIC: [8] Undefined index: name D:\phpStudy\WWW\tp323\Application\Runtime\Cache\Home\2a94b8bda04ff446dcedd42276fc99ee.php 第 62 行.
NOTIC: [8] Undefined index: id D:\phpStudy\WWW\tp323\Application\Runtime\Cache\Home\2a94b8bda04ff446dcedd42276fc99ee.php 第 62 行.
NOTIC: [8] Undefined index: name D:\phpStudy\WWW\tp323\Application\Runtime\Cache\Home\2a94b8bda04ff446dcedd42276fc99ee.php 第 62 行.
NOTIC: [8] Undefined index: id D:\phpStudy\WWW\tp323\Application\Runtime\Cache\Home\2a94b8bda04ff446dcedd42276fc99ee.php 第 62 行.
NOTIC: [8] Undefined index: name D:\phpStudy\WWW\tp323\Application\Runtime\Cache\Home\2a94b8bda04ff446dcedd42276fc99ee.php 第 62 行.
NOTIC: [8] Undefined index: id D:\phpStudy\WWW\tp323\Application\Runtime\Cache\Home\2a94b8bda04ff446dcedd42276fc99ee.php 第 62 行.
NOTIC: [8] Undefined index: name D:\phpStudy\WWW\tp323\Application\Runtime\Cache\Home\2a94b8bda04ff446dcedd42276fc99ee.php 第 62 行.
NOTIC: [8] Undefined index: id D:\phpStudy\WWW\tp323\Application\Runtime\Cache\Home\2a94b8bda04ff446dcedd42276fc99ee.php 第 62 行.
NOTIC: [8] Undefined index: name D:\phpStudy\WWW\tp323\Application\Runtime\Cache\Home\2a94b8bda04ff446dcedd42276fc99ee.php 第 62 行.
NOTIC: [8] Undefined index: id D:\phpStudy\WWW\tp323\Application\Runtime\Cache\Home\2a94b8bda04ff446dcedd42276fc99ee.php 第 62 行.
NOTIC: [8] Undefined index: name D:\phpStudy\WWW\tp323\Application\Runtime\Cache\Home\2a94b8bda04ff446dcedd42276fc99ee.php 第 62 行.
NOTIC: [8] Undefined index: id D:\phpStudy\WWW\tp323\Application\Runtime\Cache\Home\2a94b8bda04ff446dcedd42276fc99ee.php 第 62 行.
NOTIC: [8] Undefined index: name D:\phpStudy\WWW\tp323\Application\Runtime\Cache\Home\2a94b8bda04ff446dcedd42276fc99ee.php 第 62 行.
INFO: Run Behavior\ParseTemplateBehavior [ RunTime:0.007000s ]
INFO: [ view_parse ] --END-- [ RunTime:0.007000s ]
INFO: [ view_filter ] --START--
INFO: Run Behavior\WriteHtmlCacheBehavior [ RunTime:0.000000s ]
INFO: [ view_filter ] --END-- [ RunTime:0.000000s ]
INFO: [ app_end ] --START--
INFO: Run Behavior\ShowPageTraceBehavior [ RunTime:0.001000s ]
INFO: [ app_end ] --END-- [ RunTime:0.001000s ]

[ 2015-11-10T23:19:26+08:00 ] 127.0.0.1 /tp323/
INFO: [ app_init ] --START--
INFO: Run Behavior\BuildLiteBehavior [ RunTime:0.000000s ]
INFO: [ app_init ] --END-- [ RunTime:0.000000s ]
INFO: [ app_begin ] --START--
INFO: Run Behavior\ReadHtmlCacheBehavior [ RunTime:0.000000s ]
INFO: [ app_begin ] --END-- [ RunTime:0.000000s ]
SQL: SHOW COLUMNS FROM `ecs_category` [ RunTime:0.0030s ]
SQL: SELECT * FROM `ecs_category`  [ RunTime:0.0010s ]
INFO: [ view_parse ] --START--
INFO: [ template_filter ] --START--
INFO: Run Behavior\ContentReplaceBehavior [ RunTime:0.000000s ]
INFO: [ template_filter ] --END-- [ RunTime:0.001000s ]
INFO: Run Behavior\ParseTemplateBehavior [ RunTime:0.004000s ]
INFO: [ view_parse ] --END-- [ RunTime:0.004000s ]
INFO: [ view_filter ] --START--
INFO: Run Behavior\WriteHtmlCacheBehavior [ RunTime:0.000000s ]
INFO: [ view_filter ] --END-- [ RunTime:0.000000s ]
INFO: [ app_end ] --START--
INFO: Run Behavior\ShowPageTraceBehavior [ RunTime:0.001000s ]
INFO: [ app_end ] --END-- [ RunTime:0.001000s ]

[ 2015-11-10T23:37:54+08:00 ] 127.0.0.1 /tp323/
INFO: [ app_init ] --START--
INFO: Run Behavior\BuildLiteBehavior [ RunTime:0.000000s ]
INFO: [ app_init ] --END-- [ RunTime:0.000000s ]
INFO: [ app_begin ] --START--
INFO: Run Behavior\ReadHtmlCacheBehavior [ RunTime:0.001000s ]
INFO: [ app_begin ] --END-- [ RunTime:0.001000s ]
SQL: SHOW COLUMNS FROM `ecs_category` [ RunTime:0.0040s ]
SQL: SELECT * FROM `ecs_category`  [ RunTime:0.0010s ]

[ 2015-11-10T23:38:06+08:00 ] 127.0.0.1 /tp323/
INFO: [ app_init ] --START--
INFO: Run Behavior\BuildLiteBehavior [ RunTime:0.000000s ]
INFO: [ app_init ] --END-- [ RunTime:0.001000s ]
INFO: [ app_begin ] --START--
INFO: Run Behavior\ReadHtmlCacheBehavior [ RunTime:0.000000s ]
INFO: [ app_begin ] --END-- [ RunTime:0.000000s ]
SQL: SHOW COLUMNS FROM `ecs_category` [ RunTime:0.0040s ]
SQL: SELECT * FROM `ecs_category`  [ RunTime:0.0000s ]

[ 2015-11-10T23:38:59+08:00 ] 127.0.0.1 /tp323/
INFO: [ app_init ] --START--
INFO: Run Behavior\BuildLiteBehavior [ RunTime:0.000000s ]
INFO: [ app_init ] --END-- [ RunTime:0.000000s ]
INFO: [ app_begin ] --START--
INFO: Run Behavior\ReadHtmlCacheBehavior [ RunTime:0.000000s ]
INFO: [ app_begin ] --END-- [ RunTime:0.000000s ]
SQL: SHOW COLUMNS FROM `ecs_category` [ RunTime:0.0020s ]
SQL: SELECT * FROM `ecs_category` ORDER BY parent_id asc,cat_id asc  [ RunTime:0.0000s ]
NOTIC: [8] Undefined index: Pid D:\phpStudy\WWW\tp323\ThinkPHP\Library\Org\Util\LjqTool.class.php 第 17 行.
NOTIC: [8] Undefined index: Id D:\phpStudy\WWW\tp323\ThinkPHP\Library\Org\Util\LjqTool.class.php 第 21 行.
NOTIC: [8] Undefined index: Pid D:\phpStudy\WWW\tp323\ThinkPHP\Library\Org\Util\LjqTool.class.php 第 17 行.
NOTIC: [8] Undefined index: Id D:\phpStudy\WWW\tp323\ThinkPHP\Library\Org\Util\LjqTool.class.php 第 21 行.
NOTIC: [8] Undefined index: Pid D:\phpStudy\WWW\tp323\ThinkPHP\Library\Org\Util\LjqTool.class.php 第 17 行.
NOTIC: [8] Undefined index: Id D:\phpStudy\WWW\tp323\ThinkPHP\Library\Org\Util\LjqTool.class.php 第 21 行.
NOTIC: [8] Undefined index: Pid D:\phpStudy\WWW\tp323\ThinkPHP\Library\Org\Util\LjqTool.class.php 第 17 行.
NOTIC: [8] Undefined index: Id D:\phpStudy\WWW\tp323\ThinkPHP\Library\Org\Util\LjqTool.class.php 第 21 行.
NOTIC: [8] Undefined index: Pid D:\phpStudy\WWW\tp323\ThinkPHP\Library\Org\Util\LjqTool.class.php 第 17 行.
NOTIC: [8] Undefined index: Id D:\phpStudy\WWW\tp323\ThinkPHP\Library\Org\Util\LjqTool.class.php 第 21 行.
NOTIC: [8] Undefined index: Pid D:\phpStudy\WWW\tp323\ThinkPHP\Library\Org\Util\LjqTool.class.php 第 17 行.
NOTIC: [8] Undefined index: Id D:\phpStudy\WWW\tp323\ThinkPHP\Library\Org\Util\LjqTool.class.php 第 21 行.
NOTIC: [8] Undefined index: Pid D:\phpStudy\WWW\tp323\ThinkPHP\Library\Org\Util\LjqTool.class.php 第 17 行.
NOTIC: [8] Undefined index: Id D:\phpStudy\WWW\tp323\ThinkPHP\Library\Org\Util\LjqTool.class.php 第 21 行.
NOTIC: [8] Undefined index: Pid D:\phpStudy\WWW\tp323\ThinkPHP\Library\Org\Util\LjqTool.class.php 第 17 行.
NOTIC: [8] Undefined index: Id D:\phpStudy\WWW\tp323\ThinkPHP\Library\Org\Util\LjqTool.class.php 第 21 行.
NOTIC: [8] Undefined index: Pid D:\phpStudy\WWW\tp323\ThinkPHP\Library\Org\Util\LjqTool.class.php 第 17 行.
NOTIC: [8] Undefined index: Id D:\phpStudy\WWW\tp323\ThinkPHP\Library\Org\Util\LjqTool.class.php 第 21 行.
NOTIC: [8] Undefined index: Pid D:\phpStudy\WWW\tp323\ThinkPHP\Library\Org\Util\LjqTool.class.php 第 17 行.
NOTIC: [8] Undefined index: Id D:\phpStudy\WWW\tp323\ThinkPHP\Library\Org\Util\LjqTool.class.php 第 21 行.
NOTIC: [8] Undefined index: Pid D:\phpStudy\WWW\tp323\ThinkPHP\Library\Org\Util\LjqTool.class.php 第 17 行.
NOTIC: [8] Undefined index: Id D:\phpStudy\WWW\tp323\ThinkPHP\Library\Org\Util\LjqTool.class.php 第 21 行.
NOTIC: [8] Undefined index: Pid D:\phpStudy\WWW\tp323\ThinkPHP\Library\Org\Util\LjqTool.class.php 第 17 行.
NOTIC: [8] Undefined index: Id D:\phpStudy\WWW\tp323\ThinkPHP\Library\Org\Util\LjqTool.class.php 第 21 行.
NOTIC: [8] Undefined index: Pid D:\phpStudy\WWW\tp323\ThinkPHP\Library\Org\Util\LjqTool.class.php 第 17 行.
NOTIC: [8] Undefined index: Id D:\phpStudy\WWW\tp323\ThinkPHP\Library\Org\Util\LjqTool.class.php 第 21 行.
NOTIC: [8] Undefined index: Pid D:\phpStudy\WWW\tp323\ThinkPHP\Library\Org\Util\LjqTool.class.php 第 17 行.
NOTIC: [8] Undefined index: Id D:\phpStudy\WWW\tp323\ThinkPHP\Library\Org\Util\LjqTool.class.php 第 21 行.
SQL: SHOW COLUMNS FROM `ecs_brand` [ RunTime:0.0020s ]
SQL: SELECT * FROM `ecs_brand`  [ RunTime:0.0000s ]
INFO: [ view_parse ] --START--
INFO: [ template_filter ] --START--
INFO: Run Behavior\ContentReplaceBehavior [ RunTime:0.000000s ]
INFO: [ template_filter ] --END-- [ RunTime:0.000000s ]
INFO: Run Behavior\ParseTemplateBehavior [ RunTime:0.011000s ]
INFO: [ view_parse ] --END-- [ RunTime:0.011000s ]
INFO: [ view_filter ] --START--
INFO: Run Behavior\WriteHtmlCacheBehavior [ RunTime:0.000000s ]
INFO: [ view_filter ] --END-- [ RunTime:0.000000s ]
INFO: [ app_end ] --START--
INFO: Run Behavior\ShowPageTraceBehavior [ RunTime:0.000000s ]
INFO: [ app_end ] --END-- [ RunTime:0.000000s ]

[ 2015-11-10T23:39:00+08:00 ] 127.0.0.1 /tp323/
INFO: [ app_init ] --START--
INFO: Run Behavior\BuildLiteBehavior [ RunTime:0.000000s ]
INFO: [ app_init ] --END-- [ RunTime:0.000000s ]
INFO: [ app_begin ] --START--
INFO: Run Behavior\ReadHtmlCacheBehavior [ RunTime:0.000000s ]
INFO: [ app_begin ] --END-- [ RunTime:0.000000s ]
SQL: SHOW COLUMNS FROM `ecs_category` [ RunTime:0.0030s ]
SQL: SELECT * FROM `ecs_category` ORDER BY parent_id asc,cat_id asc  [ RunTime:0.0000s ]
NOTIC: [8] Undefined index: Pid D:\phpStudy\WWW\tp323\ThinkPHP\Library\Org\Util\LjqTool.class.php 第 17 行.
NOTIC: [8] Undefined index: Id D:\phpStudy\WWW\tp323\ThinkPHP\Library\Org\Util\LjqTool.class.php 第 21 行.
NOTIC: [8] Undefined index: Pid D:\phpStudy\WWW\tp323\ThinkPHP\Library\Org\Util\LjqTool.class.php 第 17 行.
NOTIC: [8] Undefined index: Id D:\phpStudy\WWW\tp323\ThinkPHP\Library\Org\Util\LjqTool.class.php 第 21 行.
NOTIC: [8] Undefined index: Pid D:\phpStudy\WWW\tp323\ThinkPHP\Library\Org\Util\LjqTool.class.php 第 17 行.
NOTIC: [8] Undefined index: Id D:\phpStudy\WWW\tp323\ThinkPHP\Library\Org\Util\LjqTool.class.php 第 21 行.
NOTIC: [8] Undefined index: Pid D:\phpStudy\WWW\tp323\ThinkPHP\Library\Org\Util\LjqTool.class.php 第 17 行.
NOTIC: [8] Undefined index: Id D:\phpStudy\WWW\tp323\ThinkPHP\Library\Org\Util\LjqTool.class.php 第 21 行.
NOTIC: [8] Undefined index: Pid D:\phpStudy\WWW\tp323\ThinkPHP\Library\Org\Util\LjqTool.class.php 第 17 行.
NOTIC: [8] Undefined index: Id D:\phpStudy\WWW\tp323\ThinkPHP\Library\Org\Util\LjqTool.class.php 第 21 行.
NOTIC: [8] Undefined index: Pid D:\phpStudy\WWW\tp323\ThinkPHP\Library\Org\Util\LjqTool.class.php 第 17 行.
NOTIC: [8] Undefined index: Id D:\phpStudy\WWW\tp323\ThinkPHP\Library\Org\Util\LjqTool.class.php 第 21 行.
NOTIC: [8] Undefined index: Pid D:\phpStudy\WWW\tp323\ThinkPHP\Library\Org\Util\LjqTool.class.php 第 17 行.
NOTIC: [8] Undefined index: Id D:\phpStudy\WWW\tp323\ThinkPHP\Library\Org\Util\LjqTool.class.php 第 21 行.
NOTIC: [8] Undefined index: Pid D:\phpStudy\WWW\tp323\ThinkPHP\Library\Org\Util\LjqTool.class.php 第 17 行.
NOTIC: [8] Undefined index: Id D:\phpStudy\WWW\tp323\ThinkPHP\Library\Org\Util\LjqTool.class.php 第 21 行.
NOTIC: [8] Undefined index: Pid D:\phpStudy\WWW\tp323\ThinkPHP\Library\Org\Util\LjqTool.class.php 第 17 行.
NOTIC: [8] Undefined index: Id D:\phpStudy\WWW\tp323\ThinkPHP\Library\Org\Util\LjqTool.class.php 第 21 行.
NOTIC: [8] Undefined index: Pid D:\phpStudy\WWW\tp323\ThinkPHP\Library\Org\Util\LjqTool.class.php 第 17 行.
NOTIC: [8] Undefined index: Id D:\phpStudy\WWW\tp323\ThinkPHP\Library\Org\Util\LjqTool.class.php 第 21 行.
NOTIC: [8] Undefined index: Pid D:\phpStudy\WWW\tp323\ThinkPHP\Library\Org\Util\LjqTool.class.php 第 17 行.
NOTIC: [8] Undefined index: Id D:\phpStudy\WWW\tp323\ThinkPHP\Library\Org\Util\LjqTool.class.php 第 21 行.
NOTIC: [8] Undefined index: Pid D:\phpStudy\WWW\tp323\ThinkPHP\Library\Org\Util\LjqTool.class.php 第 17 行.
NOTIC: [8] Undefined index: Id D:\phpStudy\WWW\tp323\ThinkPHP\Library\Org\Util\LjqTool.class.php 第 21 行.
NOTIC: [8] Undefined index: Pid D:\phpStudy\WWW\tp323\ThinkPHP\Library\Org\Util\LjqTool.class.php 第 17 行.
NOTIC: [8] Undefined index: Id D:\phpStudy\WWW\tp323\ThinkPHP\Library\Org\Util\LjqTool.class.php 第 21 行.
NOTIC: [8] Undefined index: Pid D:\phpStudy\WWW\tp323\ThinkPHP\Library\Org\Util\LjqTool.class.php 第 17 行.
NOTIC: [8] Undefined index: Id D:\phpStudy\WWW\tp323\ThinkPHP\Library\Org\Util\LjqTool.class.php 第 21 行.
SQL: SHOW COLUMNS FROM `ecs_brand` [ RunTime:0.0030s ]
SQL: SELECT * FROM `ecs_brand`  [ RunTime:0.0010s ]
INFO: [ view_parse ] --START--
INFO: [ template_filter ] --START--
INFO: Run Behavior\ContentReplaceBehavior [ RunTime:0.000000s ]
INFO: [ template_filter ] --END-- [ RunTime:0.000000s ]
INFO: Run Behavior\ParseTemplateBehavior [ RunTime:0.004000s ]
INFO: [ view_parse ] --END-- [ RunTime:0.004000s ]
INFO: [ view_filter ] --START--
INFO: Run Behavior\WriteHtmlCacheBehavior [ RunTime:0.000000s ]
INFO: [ view_filter ] --END-- [ RunTime:0.000000s ]
INFO: [ app_end ] --START--
INFO: Run Behavior\ShowPageTraceBehavior [ RunTime:0.000000s ]
INFO: [ app_end ] --END-- [ RunTime:0.000000s ]

[ 2015-11-10T23:39:00+08:00 ] 127.0.0.1 /tp323/
INFO: [ app_init ] --START--
INFO: Run Behavior\BuildLiteBehavior [ RunTime:0.000000s ]
INFO: [ app_init ] --END-- [ RunTime:0.000000s ]
INFO: [ app_begin ] --START--
INFO: Run Behavior\ReadHtmlCacheBehavior [ RunTime:0.000000s ]
INFO: [ app_begin ] --END-- [ RunTime:0.000000s ]
SQL: SHOW COLUMNS FROM `ecs_category` [ RunTime:0.0030s ]
SQL: SELECT * FROM `ecs_category` ORDER BY parent_id asc,cat_id asc  [ RunTime:0.0000s ]
NOTIC: [8] Undefined index: Pid D:\phpStudy\WWW\tp323\ThinkPHP\Library\Org\Util\LjqTool.class.php 第 17 行.
NOTIC: [8] Undefined index: Id D:\phpStudy\WWW\tp323\ThinkPHP\Library\Org\Util\LjqTool.class.php 第 21 行.
NOTIC: [8] Undefined index: Pid D:\phpStudy\WWW\tp323\ThinkPHP\Library\Org\Util\LjqTool.class.php 第 17 行.
NOTIC: [8] Undefined index: Id D:\phpStudy\WWW\tp323\ThinkPHP\Library\Org\Util\LjqTool.class.php 第 21 行.
NOTIC: [8] Undefined index: Pid D:\phpStudy\WWW\tp323\ThinkPHP\Library\Org\Util\LjqTool.class.php 第 17 行.
NOTIC: [8] Undefined index: Id D:\phpStudy\WWW\tp323\ThinkPHP\Library\Org\Util\LjqTool.class.php 第 21 行.
NOTIC: [8] Undefined index: Pid D:\phpStudy\WWW\tp323\ThinkPHP\Library\Org\Util\LjqTool.class.php 第 17 行.
NOTIC: [8] Undefined index: Id D:\phpStudy\WWW\tp323\ThinkPHP\Library\Org\Util\LjqTool.class.php 第 21 行.
NOTIC: [8] Undefined index: Pid D:\phpStudy\WWW\tp323\ThinkPHP\Library\Org\Util\LjqTool.class.php 第 17 行.
NOTIC: [8] Undefined index: Id D:\phpStudy\WWW\tp323\ThinkPHP\Library\Org\Util\LjqTool.class.php 第 21 行.
NOTIC: [8] Undefined index: Pid D:\phpStudy\WWW\tp323\ThinkPHP\Library\Org\Util\LjqTool.class.php 第 17 行.
NOTIC: [8] Undefined index: Id D:\phpStudy\WWW\tp323\ThinkPHP\Library\Org\Util\LjqTool.class.php 第 21 行.
NOTIC: [8] Undefined index: Pid D:\phpStudy\WWW\tp323\ThinkPHP\Library\Org\Util\LjqTool.class.php 第 17 行.
NOTIC: [8] Undefined index: Id D:\phpStudy\WWW\tp323\ThinkPHP\Library\Org\Util\LjqTool.class.php 第 21 行.
NOTIC: [8] Undefined index: Pid D:\phpStudy\WWW\tp323\ThinkPHP\Library\Org\Util\LjqTool.class.php 第 17 行.
NOTIC: [8] Undefined index: Id D:\phpStudy\WWW\tp323\ThinkPHP\Library\Org\Util\LjqTool.class.php 第 21 行.
NOTIC: [8] Undefined index: Pid D:\phpStudy\WWW\tp323\ThinkPHP\Library\Org\Util\LjqTool.class.php 第 17 行.
NOTIC: [8] Undefined index: Id D:\phpStudy\WWW\tp323\ThinkPHP\Library\Org\Util\LjqTool.class.php 第 21 行.
NOTIC: [8] Undefined index: Pid D:\phpStudy\WWW\tp323\ThinkPHP\Library\Org\Util\LjqTool.class.php 第 17 行.
NOTIC: [8] Undefined index: Id D:\phpStudy\WWW\tp323\ThinkPHP\Library\Org\Util\LjqTool.class.php 第 21 行.
NOTIC: [8] Undefined index: Pid D:\phpStudy\WWW\tp323\ThinkPHP\Library\Org\Util\LjqTool.class.php 第 17 行.
NOTIC: [8] Undefined index: Id D:\phpStudy\WWW\tp323\ThinkPHP\Library\Org\Util\LjqTool.class.php 第 21 行.
NOTIC: [8] Undefined index: Pid D:\phpStudy\WWW\tp323\ThinkPHP\Library\Org\Util\LjqTool.class.php 第 17 行.
NOTIC: [8] Undefined index: Id D:\phpStudy\WWW\tp323\ThinkPHP\Library\Org\Util\LjqTool.class.php 第 21 行.
NOTIC: [8] Undefined index: Pid D:\phpStudy\WWW\tp323\ThinkPHP\Library\Org\Util\LjqTool.class.php 第 17 行.
NOTIC: [8] Undefined index: Id D:\phpStudy\WWW\tp323\ThinkPHP\Library\Org\Util\LjqTool.class.php 第 21 行.
NOTIC: [8] Undefined index: Pid D:\phpStudy\WWW\tp323\ThinkPHP\Library\Org\Util\LjqTool.class.php 第 17 行.
NOTIC: [8] Undefined index: Id D:\phpStudy\WWW\tp323\ThinkPHP\Library\Org\Util\LjqTool.class.php 第 21 行.
SQL: SHOW COLUMNS FROM `ecs_brand` [ RunTime:0.0020s ]
SQL: SELECT * FROM `ecs_brand`  [ RunTime:0.0000s ]
INFO: [ view_parse ] --START--
INFO: [ template_filter ] --START--
INFO: Run Behavior\ContentReplaceBehavior [ RunTime:0.000000s ]
INFO: [ template_filter ] --END-- [ RunTime:0.000000s ]
INFO: Run Behavior\ParseTemplateBehavior [ RunTime:0.003000s ]
INFO: [ view_parse ] --END-- [ RunTime:0.003000s ]
INFO: [ view_filter ] --START--
INFO: Run Behavior\WriteHtmlCacheBehavior [ RunTime:0.000000s ]
INFO: [ view_filter ] --END-- [ RunTime:0.001000s ]
INFO: [ app_end ] --START--
INFO: Run Behavior\ShowPageTraceBehavior [ RunTime:0.000000s ]
INFO: [ app_end ] --END-- [ RunTime:0.000000s ]

[ 2015-11-10T23:39:11+08:00 ] 127.0.0.1 /tp323/
INFO: [ app_init ] --START--
INFO: Run Behavior\BuildLiteBehavior [ RunTime:0.000000s ]
INFO: [ app_init ] --END-- [ RunTime:0.000000s ]
INFO: [ app_begin ] --START--
INFO: Run Behavior\ReadHtmlCacheBehavior [ RunTime:0.001000s ]
INFO: [ app_begin ] --END-- [ RunTime:0.001000s ]
SQL: SHOW COLUMNS FROM `ecs_category` [ RunTime:0.0020s ]
SQL: SELECT * FROM `ecs_category` ORDER BY parent_id asc,cat_id asc  [ RunTime:0.0010s ]
NOTIC: [8] Undefined index: Pid D:\phpStudy\WWW\tp323\ThinkPHP\Library\Org\Util\LjqTool.class.php 第 17 行.
NOTIC: [8] Undefined index: Id D:\phpStudy\WWW\tp323\ThinkPHP\Library\Org\Util\LjqTool.class.php 第 21 行.
NOTIC: [8] Undefined index: Pid D:\phpStudy\WWW\tp323\ThinkPHP\Library\Org\Util\LjqTool.class.php 第 17 行.
NOTIC: [8] Undefined index: Id D:\phpStudy\WWW\tp323\ThinkPHP\Library\Org\Util\LjqTool.class.php 第 21 行.
NOTIC: [8] Undefined index: Pid D:\phpStudy\WWW\tp323\ThinkPHP\Library\Org\Util\LjqTool.class.php 第 17 行.
NOTIC: [8] Undefined index: Id D:\phpStudy\WWW\tp323\ThinkPHP\Library\Org\Util\LjqTool.class.php 第 21 行.
NOTIC: [8] Undefined index: Pid D:\phpStudy\WWW\tp323\ThinkPHP\Library\Org\Util\LjqTool.class.php 第 17 行.
NOTIC: [8] Undefined index: Id D:\phpStudy\WWW\tp323\ThinkPHP\Library\Org\Util\LjqTool.class.php 第 21 行.
NOTIC: [8] Undefined index: Pid D:\phpStudy\WWW\tp323\ThinkPHP\Library\Org\Util\LjqTool.class.php 第 17 行.
NOTIC: [8] Undefined index: Id D:\phpStudy\WWW\tp323\ThinkPHP\Library\Org\Util\LjqTool.class.php 第 21 行.
NOTIC: [8] Undefined index: Pid D:\phpStudy\WWW\tp323\ThinkPHP\Library\Org\Util\LjqTool.class.php 第 17 行.
NOTIC: [8] Undefined index: Id D:\phpStudy\WWW\tp323\ThinkPHP\Library\Org\Util\LjqTool.class.php 第 21 行.
NOTIC: [8] Undefined index: Pid D:\phpStudy\WWW\tp323\ThinkPHP\Library\Org\Util\LjqTool.class.php 第 17 行.
NOTIC: [8] Undefined index: Id D:\phpStudy\WWW\tp323\ThinkPHP\Library\Org\Util\LjqTool.class.php 第 21 行.
NOTIC: [8] Undefined index: Pid D:\phpStudy\WWW\tp323\ThinkPHP\Library\Org\Util\LjqTool.class.php 第 17 行.
NOTIC: [8] Undefined index: Id D:\phpStudy\WWW\tp323\ThinkPHP\Library\Org\Util\LjqTool.class.php 第 21 行.
NOTIC: [8] Undefined index: Pid D:\phpStudy\WWW\tp323\ThinkPHP\Library\Org\Util\LjqTool.class.php 第 17 行.
NOTIC: [8] Undefined index: Id D:\phpStudy\WWW\tp323\ThinkPHP\Library\Org\Util\LjqTool.class.php 第 21 行.
NOTIC: [8] Undefined index: Pid D:\phpStudy\WWW\tp323\ThinkPHP\Library\Org\Util\LjqTool.class.php 第 17 行.
NOTIC: [8] Undefined index: Id D:\phpStudy\WWW\tp323\ThinkPHP\Library\Org\Util\LjqTool.class.php 第 21 行.
NOTIC: [8] Undefined index: Pid D:\phpStudy\WWW\tp323\ThinkPHP\Library\Org\Util\LjqTool.class.php 第 17 行.
NOTIC: [8] Undefined index: Id D:\phpStudy\WWW\tp323\ThinkPHP\Library\Org\Util\LjqTool.class.php 第 21 行.
NOTIC: [8] Undefined index: Pid D:\phpStudy\WWW\tp323\ThinkPHP\Library\Org\Util\LjqTool.class.php 第 17 行.
NOTIC: [8] Undefined index: Id D:\phpStudy\WWW\tp323\ThinkPHP\Library\Org\Util\LjqTool.class.php 第 21 行.
NOTIC: [8] Undefined index: Pid D:\phpStudy\WWW\tp323\ThinkPHP\Library\Org\Util\LjqTool.class.php 第 17 行.
NOTIC: [8] Undefined index: Id D:\phpStudy\WWW\tp323\ThinkPHP\Library\Org\Util\LjqTool.class.php 第 21 行.
NOTIC: [8] Undefined index: Pid D:\phpStudy\WWW\tp323\ThinkPHP\Library\Org\Util\LjqTool.class.php 第 17 行.
NOTIC: [8] Undefined index: Id D:\phpStudy\WWW\tp323\ThinkPHP\Library\Org\Util\LjqTool.class.php 第 21 行.
SQL: SHOW COLUMNS FROM `ecs_brand` [ RunTime:0.0030s ]
SQL: SELECT * FROM `ecs_brand`  [ RunTime:0.0000s ]
INFO: [ view_parse ] --START--
INFO: [ template_filter ] --START--
INFO: Run Behavior\ContentReplaceBehavior [ RunTime:0.000000s ]
INFO: [ template_filter ] --END-- [ RunTime:0.000000s ]
INFO: Run Behavior\ParseTemplateBehavior [ RunTime:0.003000s ]
INFO: [ view_parse ] --END-- [ RunTime:0.003000s ]
INFO: [ view_filter ] --START--
INFO: Run Behavior\WriteHtmlCacheBehavior [ RunTime:0.000000s ]
INFO: [ view_filter ] --END-- [ RunTime:0.000000s ]
INFO: [ app_end ] --START--
INFO: Run Behavior\ShowPageTraceBehavior [ RunTime:0.001000s ]
INFO: [ app_end ] --END-- [ RunTime:0.001000s ]

[ 2015-11-10T23:54:54+08:00 ] 127.0.0.1 /tp323/
INFO: [ app_init ] --START--
INFO: Run Behavior\BuildLiteBehavior [ RunTime:0.000000s ]
INFO: [ app_init ] --END-- [ RunTime:0.000000s ]
INFO: [ app_begin ] --START--
INFO: Run Behavior\ReadHtmlCacheBehavior [ RunTime:0.000000s ]
INFO: [ app_begin ] --END-- [ RunTime:0.000000s ]
SQL: SHOW COLUMNS FROM `ecs_category` [ RunTime:0.0020s ]
SQL: SELECT * FROM `ecs_category` ORDER BY parent_id asc,cat_id asc  [ RunTime:0.0000s ]
NOTIC: [8] Undefined index: Pid D:\phpStudy\WWW\tp323\ThinkPHP\Library\Org\Util\LjqTool.class.php 第 17 行.
NOTIC: [8] Undefined index: Id D:\phpStudy\WWW\tp323\ThinkPHP\Library\Org\Util\LjqTool.class.php 第 21 行.
NOTIC: [8] Undefined index: Pid D:\phpStudy\WWW\tp323\ThinkPHP\Library\Org\Util\LjqTool.class.php 第 17 行.
NOTIC: [8] Undefined index: Id D:\phpStudy\WWW\tp323\ThinkPHP\Library\Org\Util\LjqTool.class.php 第 21 行.
NOTIC: [8] Undefined index: Pid D:\phpStudy\WWW\tp323\ThinkPHP\Library\Org\Util\LjqTool.class.php 第 17 行.
NOTIC: [8] Undefined index: Id D:\phpStudy\WWW\tp323\ThinkPHP\Library\Org\Util\LjqTool.class.php 第 21 行.
NOTIC: [8] Undefined index: Pid D:\phpStudy\WWW\tp323\ThinkPHP\Library\Org\Util\LjqTool.class.php 第 17 行.
NOTIC: [8] Undefined index: Id D:\phpStudy\WWW\tp323\ThinkPHP\Library\Org\Util\LjqTool.class.php 第 21 行.
NOTIC: [8] Undefined index: Pid D:\phpStudy\WWW\tp323\ThinkPHP\Library\Org\Util\LjqTool.class.php 第 17 行.
NOTIC: [8] Undefined index: Id D:\phpStudy\WWW\tp323\ThinkPHP\Library\Org\Util\LjqTool.class.php 第 21 行.
NOTIC: [8] Undefined index: Pid D:\phpStudy\WWW\tp323\ThinkPHP\Library\Org\Util\LjqTool.class.php 第 17 行.
NOTIC: [8] Undefined index: Id D:\phpStudy\WWW\tp323\ThinkPHP\Library\Org\Util\LjqTool.class.php 第 21 行.
NOTIC: [8] Undefined index: Pid D:\phpStudy\WWW\tp323\ThinkPHP\Library\Org\Util\LjqTool.class.php 第 17 行.
NOTIC: [8] Undefined index: Id D:\phpStudy\WWW\tp323\ThinkPHP\Library\Org\Util\LjqTool.class.php 第 21 行.
NOTIC: [8] Undefined index: Pid D:\phpStudy\WWW\tp323\ThinkPHP\Library\Org\Util\LjqTool.class.php 第 17 行.
NOTIC: [8] Undefined index: Id D:\phpStudy\WWW\tp323\ThinkPHP\Library\Org\Util\LjqTool.class.php 第 21 行.
NOTIC: [8] Undefined index: Pid D:\phpStudy\WWW\tp323\ThinkPHP\Library\Org\Util\LjqTool.class.php 第 17 行.
NOTIC: [8] Undefined index: Id D:\phpStudy\WWW\tp323\ThinkPHP\Library\Org\Util\LjqTool.class.php 第 21 行.
NOTIC: [8] Undefined index: Pid D:\phpStudy\WWW\tp323\ThinkPHP\Library\Org\Util\LjqTool.class.php 第 17 行.
NOTIC: [8] Undefined index: Id D:\phpStudy\WWW\tp323\ThinkPHP\Library\Org\Util\LjqTool.class.php 第 21 行.
NOTIC: [8] Undefined index: Pid D:\phpStudy\WWW\tp323\ThinkPHP\Library\Org\Util\LjqTool.class.php 第 17 行.
NOTIC: [8] Undefined index: Id D:\phpStudy\WWW\tp323\ThinkPHP\Library\Org\Util\LjqTool.class.php 第 21 行.
NOTIC: [8] Undefined index: Pid D:\phpStudy\WWW\tp323\ThinkPHP\Library\Org\Util\LjqTool.class.php 第 17 行.
NOTIC: [8] Undefined index: Id D:\phpStudy\WWW\tp323\ThinkPHP\Library\Org\Util\LjqTool.class.php 第 21 行.
NOTIC: [8] Undefined index: Pid D:\phpStudy\WWW\tp323\ThinkPHP\Library\Org\Util\LjqTool.class.php 第 17 行.
NOTIC: [8] Undefined index: Id D:\phpStudy\WWW\tp323\ThinkPHP\Library\Org\Util\LjqTool.class.php 第 21 行.
NOTIC: [8] Undefined index: Pid D:\phpStudy\WWW\tp323\ThinkPHP\Library\Org\Util\LjqTool.class.php 第 17 行.
NOTIC: [8] Undefined index: Id D:\phpStudy\WWW\tp323\ThinkPHP\Library\Org\Util\LjqTool.class.php 第 21 行.
SQL: SHOW COLUMNS FROM `ecs_brand` [ RunTime:0.0020s ]
SQL: SELECT * FROM `ecs_brand`  [ RunTime:0.0010s ]
INFO: [ view_parse ] --START--
INFO: [ template_filter ] --START--
INFO: Run Behavior\ContentReplaceBehavior [ RunTime:0.001000s ]
INFO: [ template_filter ] --END-- [ RunTime:0.001000s ]
INFO: Run Behavior\ParseTemplateBehavior [ RunTime:0.010000s ]
INFO: [ view_parse ] --END-- [ RunTime:0.010000s ]
INFO: [ view_filter ] --START--
INFO: Run Behavior\WriteHtmlCacheBehavior [ RunTime:0.001001s ]
INFO: [ view_filter ] --END-- [ RunTime:0.001001s ]
NOTIC: [2] Cannot modify header information - headers already sent by (output started at D:\phpStudy\WWW\tp323\ThinkPHP\Common\functions.php:850) D:\phpStudy\WWW\tp323\ThinkPHP\Library\Think\View.class.php 第 91 行.
NOTIC: [2] Cannot modify header information - headers already sent by (output started at D:\phpStudy\WWW\tp323\ThinkPHP\Common\functions.php:850) D:\phpStudy\WWW\tp323\ThinkPHP\Library\Think\View.class.php 第 92 行.
NOTIC: [2] Cannot modify header information - headers already sent by (output started at D:\phpStudy\WWW\tp323\ThinkPHP\Common\functions.php:850) D:\phpStudy\WWW\tp323\ThinkPHP\Library\Think\View.class.php 第 93 行.
INFO: [ app_end ] --START--
INFO: Run Behavior\ShowPageTraceBehavior [ RunTime:0.000000s ]
INFO: [ app_end ] --END-- [ RunTime:0.000000s ]

[ 2015-11-10T23:54:57+08:00 ] 127.0.0.1 /tp323/
INFO: [ app_init ] --START--
INFO: Run Behavior\BuildLiteBehavior [ RunTime:0.000000s ]
INFO: [ app_init ] --END-- [ RunTime:0.000000s ]
INFO: [ app_begin ] --START--
INFO: Run Behavior\ReadHtmlCacheBehavior [ RunTime:0.001000s ]
INFO: [ app_begin ] --END-- [ RunTime:0.001000s ]
SQL: SHOW COLUMNS FROM `ecs_category` [ RunTime:0.0030s ]
SQL: SELECT * FROM `ecs_category` ORDER BY parent_id asc,cat_id asc  [ RunTime:0.0010s ]
NOTIC: [8] Undefined index: Pid D:\phpStudy\WWW\tp323\ThinkPHP\Library\Org\Util\LjqTool.class.php 第 17 行.
NOTIC: [8] Undefined index: Id D:\phpStudy\WWW\tp323\ThinkPHP\Library\Org\Util\LjqTool.class.php 第 21 行.
NOTIC: [8] Undefined index: Pid D:\phpStudy\WWW\tp323\ThinkPHP\Library\Org\Util\LjqTool.class.php 第 17 行.
NOTIC: [8] Undefined index: Id D:\phpStudy\WWW\tp323\ThinkPHP\Library\Org\Util\LjqTool.class.php 第 21 行.
NOTIC: [8] Undefined index: Pid D:\phpStudy\WWW\tp323\ThinkPHP\Library\Org\Util\LjqTool.class.php 第 17 行.
NOTIC: [8] Undefined index: Id D:\phpStudy\WWW\tp323\ThinkPHP\Library\Org\Util\LjqTool.class.php 第 21 行.
NOTIC: [8] Undefined index: Pid D:\phpStudy\WWW\tp323\ThinkPHP\Library\Org\Util\LjqTool.class.php 第 17 行.
NOTIC: [8] Undefined index: Id D:\phpStudy\WWW\tp323\ThinkPHP\Library\Org\Util\LjqTool.class.php 第 21 行.
NOTIC: [8] Undefined index: Pid D:\phpStudy\WWW\tp323\ThinkPHP\Library\Org\Util\LjqTool.class.php 第 17 行.
NOTIC: [8] Undefined index: Id D:\phpStudy\WWW\tp323\ThinkPHP\Library\Org\Util\LjqTool.class.php 第 21 行.
NOTIC: [8] Undefined index: Pid D:\phpStudy\WWW\tp323\ThinkPHP\Library\Org\Util\LjqTool.class.php 第 17 行.
NOTIC: [8] Undefined index: Id D:\phpStudy\WWW\tp323\ThinkPHP\Library\Org\Util\LjqTool.class.php 第 21 行.
NOTIC: [8] Undefined index: Pid D:\phpStudy\WWW\tp323\ThinkPHP\Library\Org\Util\LjqTool.class.php 第 17 行.
NOTIC: [8] Undefined index: Id D:\phpStudy\WWW\tp323\ThinkPHP\Library\Org\Util\LjqTool.class.php 第 21 行.
NOTIC: [8] Undefined index: Pid D:\phpStudy\WWW\tp323\ThinkPHP\Library\Org\Util\LjqTool.class.php 第 17 行.
NOTIC: [8] Undefined index: Id D:\phpStudy\WWW\tp323\ThinkPHP\Library\Org\Util\LjqTool.class.php 第 21 行.
NOTIC: [8] Undefined index: Pid D:\phpStudy\WWW\tp323\ThinkPHP\Library\Org\Util\LjqTool.class.php 第 17 行.
NOTIC: [8] Undefined index: Id D:\phpStudy\WWW\tp323\ThinkPHP\Library\Org\Util\LjqTool.class.php 第 21 行.
NOTIC: [8] Undefined index: Pid D:\phpStudy\WWW\tp323\ThinkPHP\Library\Org\Util\LjqTool.class.php 第 17 行.
NOTIC: [8] Undefined index: Id D:\phpStudy\WWW\tp323\ThinkPHP\Library\Org\Util\LjqTool.class.php 第 21 行.
NOTIC: [8] Undefined index: Pid D:\phpStudy\WWW\tp323\ThinkPHP\Library\Org\Util\LjqTool.class.php 第 17 行.
NOTIC: [8] Undefined index: Id D:\phpStudy\WWW\tp323\ThinkPHP\Library\Org\Util\LjqTool.class.php 第 21 行.
NOTIC: [8] Undefined index: Pid D:\phpStudy\WWW\tp323\ThinkPHP\Library\Org\Util\LjqTool.class.php 第 17 行.
NOTIC: [8] Undefined index: Id D:\phpStudy\WWW\tp323\ThinkPHP\Library\Org\Util\LjqTool.class.php 第 21 行.
NOTIC: [8] Undefined index: Pid D:\phpStudy\WWW\tp323\ThinkPHP\Library\Org\Util\LjqTool.class.php 第 17 行.
NOTIC: [8] Undefined index: Id D:\phpStudy\WWW\tp323\ThinkPHP\Library\Org\Util\LjqTool.class.php 第 21 行.
NOTIC: [8] Undefined index: Pid D:\phpStudy\WWW\tp323\ThinkPHP\Library\Org\Util\LjqTool.class.php 第 17 行.
NOTIC: [8] Undefined index: Id D:\phpStudy\WWW\tp323\ThinkPHP\Library\Org\Util\LjqTool.class.php 第 21 行.
SQL: SHOW COLUMNS FROM `ecs_brand` [ RunTime:0.0030s ]
SQL: SELECT * FROM `ecs_brand`  [ RunTime:0.0000s ]
INFO: [ view_parse ] --START--
INFO: [ template_filter ] --START--
INFO: Run Behavior\ContentReplaceBehavior [ RunTime:0.000000s ]
INFO: [ template_filter ] --END-- [ RunTime:0.000000s ]
INFO: Run Behavior\ParseTemplateBehavior [ RunTime:0.004000s ]
INFO: [ view_parse ] --END-- [ RunTime:0.004000s ]
INFO: [ view_filter ] --START--
INFO: Run Behavior\WriteHtmlCacheBehavior [ RunTime:0.000000s ]
INFO: [ view_filter ] --END-- [ RunTime:0.000000s ]
NOTIC: [2] Cannot modify header information - headers already sent by (output started at D:\phpStudy\WWW\tp323\ThinkPHP\Common\functions.php:850) D:\phpStudy\WWW\tp323\ThinkPHP\Library\Think\View.class.php 第 91 行.
NOTIC: [2] Cannot modify header information - headers already sent by (output started at D:\phpStudy\WWW\tp323\ThinkPHP\Common\functions.php:850) D:\phpStudy\WWW\tp323\ThinkPHP\Library\Think\View.class.php 第 92 行.
NOTIC: [2] Cannot modify header information - headers already sent by (output started at D:\phpStudy\WWW\tp323\ThinkPHP\Common\functions.php:850) D:\phpStudy\WWW\tp323\ThinkPHP\Library\Think\View.class.php 第 93 行.
INFO: [ app_end ] --START--
INFO: Run Behavior\ShowPageTraceBehavior [ RunTime:0.001001s ]
INFO: [ app_end ] --END-- [ RunTime:0.001001s ]

[ 2015-11-10T23:56:47+08:00 ] 127.0.0.1 /tp323/
INFO: [ app_init ] --START--
INFO: Run Behavior\BuildLiteBehavior [ RunTime:0.000000s ]
INFO: [ app_init ] --END-- [ RunTime:0.001000s ]
INFO: [ app_begin ] --START--
INFO: Run Behavior\ReadHtmlCacheBehavior [ RunTime:0.001000s ]
INFO: [ app_begin ] --END-- [ RunTime:0.001000s ]
SQL: SHOW COLUMNS FROM `ecs_category` [ RunTime:0.0040s ]
SQL: SELECT `cat_id`,`cat_name`,`parent_id` FROM `ecs_category` ORDER BY parent_id asc,cat_id asc  [ RunTime:0.0000s ]
SQL: SHOW COLUMNS FROM `ecs_brand` [ RunTime:0.0030s ]
SQL: SELECT * FROM `ecs_brand`  [ RunTime:0.0000s ]
INFO: [ view_parse ] --START--
INFO: [ template_filter ] --START--
INFO: Run Behavior\ContentReplaceBehavior [ RunTime:0.000000s ]
INFO: [ template_filter ] --END-- [ RunTime:0.000000s ]
INFO: Run Behavior\ParseTemplateBehavior [ RunTime:0.006000s ]
INFO: [ view_parse ] --END-- [ RunTime:0.006000s ]
INFO: [ view_filter ] --START--
INFO: Run Behavior\WriteHtmlCacheBehavior [ RunTime:0.001000s ]
INFO: [ view_filter ] --END-- [ RunTime:0.001000s ]
INFO: [ app_end ] --START--
INFO: Run Behavior\ShowPageTraceBehavior [ RunTime:0.000000s ]
INFO: [ app_end ] --END-- [ RunTime:0.000000s ]

