[ 2015-11-11T00:08:10+08:00 ] 127.0.0.1 /tp323/
INFO: [ app_init ] --START--
INFO: Run Behavior\BuildLiteBehavior [ RunTime:0.000000s ]
INFO: [ app_init ] --END-- [ RunTime:0.001000s ]
INFO: [ app_begin ] --START--
INFO: Run Behavior\ReadHtmlCacheBehavior [ RunTime:0.001000s ]
INFO: [ app_begin ] --END-- [ RunTime:0.001000s ]
SQL: SHOW COLUMNS FROM `ecs_category` [ RunTime:0.0030s ]
SQL: SELECT `cat_id`,`cat_name`,`parent_id` FROM `ecs_category` ORDER BY parent_id asc,cat_id asc  [ RunTime:0.0000s ]
SQL: SHOW COLUMNS FROM `ecs_brand` [ RunTime:0.0020s ]
SQL: SELECT * FROM `ecs_brand`  [ RunTime:0.0000s ]
INFO: [ view_parse ] --START--
INFO: [ template_filter ] --START--
INFO: Run Behavior\ContentReplaceBehavior [ RunTime:0.000000s ]
INFO: [ template_filter ] --END-- [ RunTime:0.000000s ]
NOTIC: [8] Undefined variable: vo D:\phpStudy\WWW\tp323\Application\Runtime\Cache\Home\2a94b8bda04ff446dcedd42276fc99ee.php 第 62 行.
NOTIC: [8] Undefined variable: vo D:\phpStudy\WWW\tp323\Application\Runtime\Cache\Home\2a94b8bda04ff446dcedd42276fc99ee.php 第 62 行.
NOTIC: [8] Undefined index: count D:\phpStudy\WWW\tp323\Application\Runtime\Cache\Home\2a94b8bda04ff446dcedd42276fc99ee.php 第 64 行.
NOTIC: [8] Undefined index: count D:\phpStudy\WWW\tp323\Application\Runtime\Cache\Home\2a94b8bda04ff446dcedd42276fc99ee.php 第 64 行.
NOTIC: [8] Undefined index: count D:\phpStudy\WWW\tp323\Application\Runtime\Cache\Home\2a94b8bda04ff446dcedd42276fc99ee.php 第 64 行.
NOTIC: [8] Undefined index: count D:\phpStudy\WWW\tp323\Application\Runtime\Cache\Home\2a94b8bda04ff446dcedd42276fc99ee.php 第 64 行.
NOTIC: [8] Undefined index: count D:\phpStudy\WWW\tp323\Application\Runtime\Cache\Home\2a94b8bda04ff446dcedd42276fc99ee.php 第 64 行.
NOTIC: [8] Undefined index: count D:\phpStudy\WWW\tp323\Application\Runtime\Cache\Home\2a94b8bda04ff446dcedd42276fc99ee.php 第 64 行.
NOTIC: [8] Undefined index: count D:\phpStudy\WWW\tp323\Application\Runtime\Cache\Home\2a94b8bda04ff446dcedd42276fc99ee.php 第 64 行.
NOTIC: [8] Undefined index: count D:\phpStudy\WWW\tp323\Application\Runtime\Cache\Home\2a94b8bda04ff446dcedd42276fc99ee.php 第 64 行.
NOTIC: [8] Undefined index: count D:\phpStudy\WWW\tp323\Application\Runtime\Cache\Home\2a94b8bda04ff446dcedd42276fc99ee.php 第 64 行.
NOTIC: [8] Undefined index: count D:\phpStudy\WWW\tp323\Application\Runtime\Cache\Home\2a94b8bda04ff446dcedd42276fc99ee.php 第 64 行.
NOTIC: [8] Undefined index: count D:\phpStudy\WWW\tp323\Application\Runtime\Cache\Home\2a94b8bda04ff446dcedd42276fc99ee.php 第 64 行.
NOTIC: [8] Undefined index: count D:\phpStudy\WWW\tp323\Application\Runtime\Cache\Home\2a94b8bda04ff446dcedd42276fc99ee.php 第 64 行.
NOTIC: [8] Undefined index: count D:\phpStudy\WWW\tp323\Application\Runtime\Cache\Home\2a94b8bda04ff446dcedd42276fc99ee.php 第 64 行.
NOTIC: [8] Undefined index: count D:\phpStudy\WWW\tp323\Application\Runtime\Cache\Home\2a94b8bda04ff446dcedd42276fc99ee.php 第 64 行.
INFO: Run Behavior\ParseTemplateBehavior [ RunTime:0.012000s ]
INFO: [ view_parse ] --END-- [ RunTime:0.012000s ]
INFO: [ view_filter ] --START--
INFO: Run Behavior\WriteHtmlCacheBehavior [ RunTime:0.000000s ]
INFO: [ view_filter ] --END-- [ RunTime:0.000000s ]
INFO: [ app_end ] --START--
INFO: Run Behavior\ShowPageTraceBehavior [ RunTime:0.001000s ]
INFO: [ app_end ] --END-- [ RunTime:0.001000s ]

[ 2015-11-11T00:08:43+08:00 ] 127.0.0.1 /tp323/
INFO: [ app_init ] --START--
INFO: Run Behavior\BuildLiteBehavior [ RunTime:0.000000s ]
INFO: [ app_init ] --END-- [ RunTime:0.000000s ]
INFO: [ app_begin ] --START--
INFO: Run Behavior\ReadHtmlCacheBehavior [ RunTime:0.000000s ]
INFO: [ app_begin ] --END-- [ RunTime:0.000000s ]
SQL: SHOW COLUMNS FROM `ecs_category` [ RunTime:0.0020s ]
SQL: SELECT `cat_id`,`cat_name`,`parent_id` FROM `ecs_category` ORDER BY parent_id asc,cat_id asc  [ RunTime:0.0000s ]
SQL: SHOW COLUMNS FROM `ecs_brand` [ RunTime:0.0020s ]
SQL: SELECT * FROM `ecs_brand`  [ RunTime:0.0010s ]
INFO: [ view_parse ] --START--
INFO: [ template_filter ] --START--
INFO: Run Behavior\ContentReplaceBehavior [ RunTime:0.000000s ]
INFO: [ template_filter ] --END-- [ RunTime:0.000000s ]
NOTIC: [8] Undefined index: count D:\phpStudy\WWW\tp323\Application\Runtime\Cache\Home\2a94b8bda04ff446dcedd42276fc99ee.php 第 64 行.
NOTIC: [8] Undefined index: count D:\phpStudy\WWW\tp323\Application\Runtime\Cache\Home\2a94b8bda04ff446dcedd42276fc99ee.php 第 64 行.
NOTIC: [8] Undefined index: count D:\phpStudy\WWW\tp323\Application\Runtime\Cache\Home\2a94b8bda04ff446dcedd42276fc99ee.php 第 64 行.
NOTIC: [8] Undefined index: count D:\phpStudy\WWW\tp323\Application\Runtime\Cache\Home\2a94b8bda04ff446dcedd42276fc99ee.php 第 64 行.
NOTIC: [8] Undefined index: count D:\phpStudy\WWW\tp323\Application\Runtime\Cache\Home\2a94b8bda04ff446dcedd42276fc99ee.php 第 64 行.
NOTIC: [8] Undefined index: count D:\phpStudy\WWW\tp323\Application\Runtime\Cache\Home\2a94b8bda04ff446dcedd42276fc99ee.php 第 64 行.
NOTIC: [8] Undefined index: count D:\phpStudy\WWW\tp323\Application\Runtime\Cache\Home\2a94b8bda04ff446dcedd42276fc99ee.php 第 64 行.
NOTIC: [8] Undefined index: count D:\phpStudy\WWW\tp323\Application\Runtime\Cache\Home\2a94b8bda04ff446dcedd42276fc99ee.php 第 64 行.
NOTIC: [8] Undefined index: count D:\phpStudy\WWW\tp323\Application\Runtime\Cache\Home\2a94b8bda04ff446dcedd42276fc99ee.php 第 64 行.
NOTIC: [8] Undefined index: count D:\phpStudy\WWW\tp323\Application\Runtime\Cache\Home\2a94b8bda04ff446dcedd42276fc99ee.php 第 64 行.
NOTIC: [8] Undefined index: count D:\phpStudy\WWW\tp323\Application\Runtime\Cache\Home\2a94b8bda04ff446dcedd42276fc99ee.php 第 64 行.
NOTIC: [8] Undefined index: count D:\phpStudy\WWW\tp323\Application\Runtime\Cache\Home\2a94b8bda04ff446dcedd42276fc99ee.php 第 64 行.
NOTIC: [8] Undefined index: count D:\phpStudy\WWW\tp323\Application\Runtime\Cache\Home\2a94b8bda04ff446dcedd42276fc99ee.php 第 64 行.
NOTIC: [8] Undefined index: count D:\phpStudy\WWW\tp323\Application\Runtime\Cache\Home\2a94b8bda04ff446dcedd42276fc99ee.php 第 64 行.
INFO: Run Behavior\ParseTemplateBehavior [ RunTime:0.004001s ]
INFO: [ view_parse ] --END-- [ RunTime:0.004001s ]
INFO: [ view_filter ] --START--
INFO: Run Behavior\WriteHtmlCacheBehavior [ RunTime:0.000000s ]
INFO: [ view_filter ] --END-- [ RunTime:0.000000s ]
INFO: [ app_end ] --START--
INFO: Run Behavior\ShowPageTraceBehavior [ RunTime:0.001000s ]
INFO: [ app_end ] --END-- [ RunTime:0.001000s ]

[ 2015-11-11T00:10:17+08:00 ] 127.0.0.1 /tp323/
INFO: [ app_init ] --START--
INFO: Run Behavior\BuildLiteBehavior [ RunTime:0.000000s ]
INFO: [ app_init ] --END-- [ RunTime:0.000000s ]
INFO: [ app_begin ] --START--
INFO: Run Behavior\ReadHtmlCacheBehavior [ RunTime:0.000000s ]
INFO: [ app_begin ] --END-- [ RunTime:0.000000s ]
SQL: SHOW COLUMNS FROM `ecs_category` [ RunTime:0.0030s ]
SQL: SELECT `cat_id`,`cat_name`,`parent_id` FROM `ecs_category` ORDER BY parent_id asc,cat_id asc  [ RunTime:0.0000s ]
SQL: SHOW COLUMNS FROM `ecs_brand` [ RunTime:0.0030s ]
SQL: SELECT * FROM `ecs_brand`  [ RunTime:0.0000s ]
INFO: [ view_parse ] --START--
INFO: [ template_filter ] --START--
INFO: Run Behavior\ContentReplaceBehavior [ RunTime:0.000000s ]
INFO: [ template_filter ] --END-- [ RunTime:0.000000s ]
NOTIC: [8] Undefined index: count D:\phpStudy\WWW\tp323\Application\Runtime\Cache\Home\2a94b8bda04ff446dcedd42276fc99ee.php 第 64 行.
NOTIC: [8] Undefined index: count D:\phpStudy\WWW\tp323\Application\Runtime\Cache\Home\2a94b8bda04ff446dcedd42276fc99ee.php 第 64 行.
NOTIC: [8] Undefined index: count D:\phpStudy\WWW\tp323\Application\Runtime\Cache\Home\2a94b8bda04ff446dcedd42276fc99ee.php 第 64 行.
NOTIC: [8] Undefined index: count D:\phpStudy\WWW\tp323\Application\Runtime\Cache\Home\2a94b8bda04ff446dcedd42276fc99ee.php 第 64 行.
NOTIC: [8] Undefined index: count D:\phpStudy\WWW\tp323\Application\Runtime\Cache\Home\2a94b8bda04ff446dcedd42276fc99ee.php 第 64 行.
NOTIC: [8] Undefined index: count D:\phpStudy\WWW\tp323\Application\Runtime\Cache\Home\2a94b8bda04ff446dcedd42276fc99ee.php 第 64 行.
NOTIC: [8] Undefined index: count D:\phpStudy\WWW\tp323\Application\Runtime\Cache\Home\2a94b8bda04ff446dcedd42276fc99ee.php 第 64 行.
NOTIC: [8] Undefined index: count D:\phpStudy\WWW\tp323\Application\Runtime\Cache\Home\2a94b8bda04ff446dcedd42276fc99ee.php 第 64 行.
NOTIC: [8] Undefined index: count D:\phpStudy\WWW\tp323\Application\Runtime\Cache\Home\2a94b8bda04ff446dcedd42276fc99ee.php 第 64 行.
NOTIC: [8] Undefined index: count D:\phpStudy\WWW\tp323\Application\Runtime\Cache\Home\2a94b8bda04ff446dcedd42276fc99ee.php 第 64 行.
NOTIC: [8] Undefined index: count D:\phpStudy\WWW\tp323\Application\Runtime\Cache\Home\2a94b8bda04ff446dcedd42276fc99ee.php 第 64 行.
NOTIC: [8] Undefined index: count D:\phpStudy\WWW\tp323\Application\Runtime\Cache\Home\2a94b8bda04ff446dcedd42276fc99ee.php 第 64 行.
NOTIC: [8] Undefined index: count D:\phpStudy\WWW\tp323\Application\Runtime\Cache\Home\2a94b8bda04ff446dcedd42276fc99ee.php 第 64 行.
NOTIC: [8] Undefined index: count D:\phpStudy\WWW\tp323\Application\Runtime\Cache\Home\2a94b8bda04ff446dcedd42276fc99ee.php 第 64 行.
INFO: Run Behavior\ParseTemplateBehavior [ RunTime:0.012001s ]
INFO: [ view_parse ] --END-- [ RunTime:0.012001s ]
INFO: [ view_filter ] --START--
INFO: Run Behavior\WriteHtmlCacheBehavior [ RunTime:0.000000s ]
INFO: [ view_filter ] --END-- [ RunTime:0.000000s ]
INFO: [ app_end ] --START--
INFO: Run Behavior\ShowPageTraceBehavior [ RunTime:0.000000s ]
INFO: [ app_end ] --END-- [ RunTime:0.000000s ]

[ 2015-11-11T00:10:19+08:00 ] 127.0.0.1 /tp323/
INFO: [ app_init ] --START--
INFO: Run Behavior\BuildLiteBehavior [ RunTime:0.000000s ]
INFO: [ app_init ] --END-- [ RunTime:0.000000s ]
INFO: [ app_begin ] --START--
INFO: Run Behavior\ReadHtmlCacheBehavior [ RunTime:0.000000s ]
INFO: [ app_begin ] --END-- [ RunTime:0.000000s ]
SQL: SHOW COLUMNS FROM `ecs_category` [ RunTime:0.0030s ]
SQL: SELECT `cat_id`,`cat_name`,`parent_id` FROM `ecs_category` ORDER BY parent_id asc,cat_id asc  [ RunTime:0.0000s ]
SQL: SHOW COLUMNS FROM `ecs_brand` [ RunTime:0.0020s ]
SQL: SELECT * FROM `ecs_brand`  [ RunTime:0.0000s ]
INFO: [ view_parse ] --START--
INFO: [ template_filter ] --START--
INFO: Run Behavior\ContentReplaceBehavior [ RunTime:0.000000s ]
INFO: [ template_filter ] --END-- [ RunTime:0.000000s ]
NOTIC: [8] Undefined index: count D:\phpStudy\WWW\tp323\Application\Runtime\Cache\Home\2a94b8bda04ff446dcedd42276fc99ee.php 第 64 行.
NOTIC: [8] Undefined index: count D:\phpStudy\WWW\tp323\Application\Runtime\Cache\Home\2a94b8bda04ff446dcedd42276fc99ee.php 第 64 行.
NOTIC: [8] Undefined index: count D:\phpStudy\WWW\tp323\Application\Runtime\Cache\Home\2a94b8bda04ff446dcedd42276fc99ee.php 第 64 行.
NOTIC: [8] Undefined index: count D:\phpStudy\WWW\tp323\Application\Runtime\Cache\Home\2a94b8bda04ff446dcedd42276fc99ee.php 第 64 行.
NOTIC: [8] Undefined index: count D:\phpStudy\WWW\tp323\Application\Runtime\Cache\Home\2a94b8bda04ff446dcedd42276fc99ee.php 第 64 行.
NOTIC: [8] Undefined index: count D:\phpStudy\WWW\tp323\Application\Runtime\Cache\Home\2a94b8bda04ff446dcedd42276fc99ee.php 第 64 行.
NOTIC: [8] Undefined index: count D:\phpStudy\WWW\tp323\Application\Runtime\Cache\Home\2a94b8bda04ff446dcedd42276fc99ee.php 第 64 行.
NOTIC: [8] Undefined index: count D:\phpStudy\WWW\tp323\Application\Runtime\Cache\Home\2a94b8bda04ff446dcedd42276fc99ee.php 第 64 行.
NOTIC: [8] Undefined index: count D:\phpStudy\WWW\tp323\Application\Runtime\Cache\Home\2a94b8bda04ff446dcedd42276fc99ee.php 第 64 行.
NOTIC: [8] Undefined index: count D:\phpStudy\WWW\tp323\Application\Runtime\Cache\Home\2a94b8bda04ff446dcedd42276fc99ee.php 第 64 行.
NOTIC: [8] Undefined index: count D:\phpStudy\WWW\tp323\Application\Runtime\Cache\Home\2a94b8bda04ff446dcedd42276fc99ee.php 第 64 行.
NOTIC: [8] Undefined index: count D:\phpStudy\WWW\tp323\Application\Runtime\Cache\Home\2a94b8bda04ff446dcedd42276fc99ee.php 第 64 行.
NOTIC: [8] Undefined index: count D:\phpStudy\WWW\tp323\Application\Runtime\Cache\Home\2a94b8bda04ff446dcedd42276fc99ee.php 第 64 行.
NOTIC: [8] Undefined index: count D:\phpStudy\WWW\tp323\Application\Runtime\Cache\Home\2a94b8bda04ff446dcedd42276fc99ee.php 第 64 行.
INFO: Run Behavior\ParseTemplateBehavior [ RunTime:0.005000s ]
INFO: [ view_parse ] --END-- [ RunTime:0.005000s ]
INFO: [ view_filter ] --START--
INFO: Run Behavior\WriteHtmlCacheBehavior [ RunTime:0.000000s ]
INFO: [ view_filter ] --END-- [ RunTime:0.000000s ]
INFO: [ app_end ] --START--
INFO: Run Behavior\ShowPageTraceBehavior [ RunTime:0.001000s ]
INFO: [ app_end ] --END-- [ RunTime:0.001000s ]

[ 2015-11-11T00:10:49+08:00 ] 127.0.0.1 /tp323/
INFO: [ app_init ] --START--
INFO: Run Behavior\BuildLiteBehavior [ RunTime:0.000000s ]
INFO: [ app_init ] --END-- [ RunTime:0.000000s ]
INFO: [ app_begin ] --START--
INFO: Run Behavior\ReadHtmlCacheBehavior [ RunTime:0.000000s ]
INFO: [ app_begin ] --END-- [ RunTime:0.000000s ]
SQL: SHOW COLUMNS FROM `ecs_category` [ RunTime:0.0030s ]
SQL: SELECT `cat_id`,`cat_name`,`parent_id` FROM `ecs_category` ORDER BY parent_id asc,cat_id asc  [ RunTime:0.0010s ]
SQL: SHOW COLUMNS FROM `ecs_brand` [ RunTime:0.0030s ]
SQL: SELECT * FROM `ecs_brand`  [ RunTime:0.0000s ]
INFO: [ view_parse ] --START--
INFO: [ template_filter ] --START--
INFO: Run Behavior\ContentReplaceBehavior [ RunTime:0.000000s ]
INFO: [ template_filter ] --END-- [ RunTime:0.000000s ]
NOTIC: [8] Undefined index: count D:\phpStudy\WWW\tp323\Application\Runtime\Cache\Home\2a94b8bda04ff446dcedd42276fc99ee.php 第 64 行.
NOTIC: [8] Undefined index: count D:\phpStudy\WWW\tp323\Application\Runtime\Cache\Home\2a94b8bda04ff446dcedd42276fc99ee.php 第 64 行.
NOTIC: [8] Undefined index: count D:\phpStudy\WWW\tp323\Application\Runtime\Cache\Home\2a94b8bda04ff446dcedd42276fc99ee.php 第 64 行.
NOTIC: [8] Undefined index: count D:\phpStudy\WWW\tp323\Application\Runtime\Cache\Home\2a94b8bda04ff446dcedd42276fc99ee.php 第 64 行.
NOTIC: [8] Undefined index: count D:\phpStudy\WWW\tp323\Application\Runtime\Cache\Home\2a94b8bda04ff446dcedd42276fc99ee.php 第 64 行.
NOTIC: [8] Undefined index: count D:\phpStudy\WWW\tp323\Application\Runtime\Cache\Home\2a94b8bda04ff446dcedd42276fc99ee.php 第 64 行.
NOTIC: [8] Undefined index: count D:\phpStudy\WWW\tp323\Application\Runtime\Cache\Home\2a94b8bda04ff446dcedd42276fc99ee.php 第 64 行.
NOTIC: [8] Undefined index: count D:\phpStudy\WWW\tp323\Application\Runtime\Cache\Home\2a94b8bda04ff446dcedd42276fc99ee.php 第 64 行.
NOTIC: [8] Undefined index: count D:\phpStudy\WWW\tp323\Application\Runtime\Cache\Home\2a94b8bda04ff446dcedd42276fc99ee.php 第 64 行.
NOTIC: [8] Undefined index: count D:\phpStudy\WWW\tp323\Application\Runtime\Cache\Home\2a94b8bda04ff446dcedd42276fc99ee.php 第 64 行.
NOTIC: [8] Undefined index: count D:\phpStudy\WWW\tp323\Application\Runtime\Cache\Home\2a94b8bda04ff446dcedd42276fc99ee.php 第 64 行.
NOTIC: [8] Undefined index: count D:\phpStudy\WWW\tp323\Application\Runtime\Cache\Home\2a94b8bda04ff446dcedd42276fc99ee.php 第 64 行.
NOTIC: [8] Undefined index: count D:\phpStudy\WWW\tp323\Application\Runtime\Cache\Home\2a94b8bda04ff446dcedd42276fc99ee.php 第 64 行.
NOTIC: [8] Undefined index: count D:\phpStudy\WWW\tp323\Application\Runtime\Cache\Home\2a94b8bda04ff446dcedd42276fc99ee.php 第 64 行.
INFO: Run Behavior\ParseTemplateBehavior [ RunTime:0.005000s ]
INFO: [ view_parse ] --END-- [ RunTime:0.006000s ]
INFO: [ view_filter ] --START--
INFO: Run Behavior\WriteHtmlCacheBehavior [ RunTime:0.001000s ]
INFO: [ view_filter ] --END-- [ RunTime:0.001000s ]
INFO: [ app_end ] --START--
INFO: Run Behavior\ShowPageTraceBehavior [ RunTime:0.000000s ]
INFO: [ app_end ] --END-- [ RunTime:0.000000s ]

[ 2015-11-11T00:11:51+08:00 ] 127.0.0.1 /tp323/
INFO: [ app_init ] --START--
INFO: Run Behavior\BuildLiteBehavior [ RunTime:0.001000s ]
INFO: [ app_init ] --END-- [ RunTime:0.001000s ]
INFO: [ app_begin ] --START--
INFO: Run Behavior\ReadHtmlCacheBehavior [ RunTime:0.000000s ]
INFO: [ app_begin ] --END-- [ RunTime:0.000000s ]
SQL: SHOW COLUMNS FROM `ecs_category` [ RunTime:0.0030s ]
SQL: SELECT `cat_id`,`cat_name`,`parent_id` FROM `ecs_category` ORDER BY parent_id asc,cat_id asc  [ RunTime:0.0000s ]
SQL: SHOW COLUMNS FROM `ecs_brand` [ RunTime:0.0030s ]
SQL: SELECT * FROM `ecs_brand`  [ RunTime:0.0010s ]
INFO: [ view_parse ] --START--
INFO: [ template_filter ] --START--
INFO: Run Behavior\ContentReplaceBehavior [ RunTime:0.000000s ]
INFO: [ template_filter ] --END-- [ RunTime:0.000000s ]
NOTIC: [8] Undefined index: count D:\phpStudy\WWW\tp323\Application\Runtime\Cache\Home\2a94b8bda04ff446dcedd42276fc99ee.php 第 64 行.
NOTIC: [8] Undefined index: count D:\phpStudy\WWW\tp323\Application\Runtime\Cache\Home\2a94b8bda04ff446dcedd42276fc99ee.php 第 64 行.
NOTIC: [8] Undefined index: count D:\phpStudy\WWW\tp323\Application\Runtime\Cache\Home\2a94b8bda04ff446dcedd42276fc99ee.php 第 64 行.
NOTIC: [8] Undefined index: count D:\phpStudy\WWW\tp323\Application\Runtime\Cache\Home\2a94b8bda04ff446dcedd42276fc99ee.php 第 64 行.
NOTIC: [8] Undefined index: count D:\phpStudy\WWW\tp323\Application\Runtime\Cache\Home\2a94b8bda04ff446dcedd42276fc99ee.php 第 64 行.
NOTIC: [8] Undefined index: count D:\phpStudy\WWW\tp323\Application\Runtime\Cache\Home\2a94b8bda04ff446dcedd42276fc99ee.php 第 64 行.
NOTIC: [8] Undefined index: count D:\phpStudy\WWW\tp323\Application\Runtime\Cache\Home\2a94b8bda04ff446dcedd42276fc99ee.php 第 64 行.
NOTIC: [8] Undefined index: count D:\phpStudy\WWW\tp323\Application\Runtime\Cache\Home\2a94b8bda04ff446dcedd42276fc99ee.php 第 64 行.
NOTIC: [8] Undefined index: count D:\phpStudy\WWW\tp323\Application\Runtime\Cache\Home\2a94b8bda04ff446dcedd42276fc99ee.php 第 64 行.
NOTIC: [8] Undefined index: count D:\phpStudy\WWW\tp323\Application\Runtime\Cache\Home\2a94b8bda04ff446dcedd42276fc99ee.php 第 64 行.
NOTIC: [8] Undefined index: count D:\phpStudy\WWW\tp323\Application\Runtime\Cache\Home\2a94b8bda04ff446dcedd42276fc99ee.php 第 64 行.
NOTIC: [8] Undefined index: count D:\phpStudy\WWW\tp323\Application\Runtime\Cache\Home\2a94b8bda04ff446dcedd42276fc99ee.php 第 64 行.
NOTIC: [8] Undefined index: count D:\phpStudy\WWW\tp323\Application\Runtime\Cache\Home\2a94b8bda04ff446dcedd42276fc99ee.php 第 64 行.
NOTIC: [8] Undefined index: count D:\phpStudy\WWW\tp323\Application\Runtime\Cache\Home\2a94b8bda04ff446dcedd42276fc99ee.php 第 64 行.
INFO: Run Behavior\ParseTemplateBehavior [ RunTime:0.004000s ]
INFO: [ view_parse ] --END-- [ RunTime:0.004000s ]
INFO: [ view_filter ] --START--
INFO: Run Behavior\WriteHtmlCacheBehavior [ RunTime:0.000000s ]
INFO: [ view_filter ] --END-- [ RunTime:0.000000s ]
INFO: [ app_end ] --START--
INFO: Run Behavior\ShowPageTraceBehavior [ RunTime:0.000000s ]
INFO: [ app_end ] --END-- [ RunTime:0.000000s ]

[ 2015-11-11T00:12:35+08:00 ] 127.0.0.1 /tp323/
INFO: [ app_init ] --START--
INFO: Run Behavior\BuildLiteBehavior [ RunTime:0.000000s ]
INFO: [ app_init ] --END-- [ RunTime:0.000000s ]
INFO: [ app_begin ] --START--
INFO: Run Behavior\ReadHtmlCacheBehavior [ RunTime:0.001000s ]
INFO: [ app_begin ] --END-- [ RunTime:0.001000s ]
SQL: SHOW COLUMNS FROM `ecs_category` [ RunTime:0.0020s ]
SQL: SELECT `cat_id`,`cat_name`,`parent_id` FROM `ecs_category` ORDER BY parent_id asc,cat_id asc  [ RunTime:0.0000s ]
SQL: SHOW COLUMNS FROM `ecs_brand` [ RunTime:0.0020s ]
SQL: SELECT * FROM `ecs_brand`  [ RunTime:0.0000s ]
INFO: [ view_parse ] --START--
INFO: [ template_filter ] --START--
INFO: Run Behavior\ContentReplaceBehavior [ RunTime:0.000000s ]
INFO: [ template_filter ] --END-- [ RunTime:0.000000s ]
NOTIC: [8] Undefined index: count D:\phpStudy\WWW\tp323\Application\Runtime\Cache\Home\2a94b8bda04ff446dcedd42276fc99ee.php 第 64 行.
NOTIC: [8] Undefined index: count D:\phpStudy\WWW\tp323\Application\Runtime\Cache\Home\2a94b8bda04ff446dcedd42276fc99ee.php 第 64 行.
NOTIC: [8] Undefined index: count D:\phpStudy\WWW\tp323\Application\Runtime\Cache\Home\2a94b8bda04ff446dcedd42276fc99ee.php 第 64 行.
NOTIC: [8] Undefined index: count D:\phpStudy\WWW\tp323\Application\Runtime\Cache\Home\2a94b8bda04ff446dcedd42276fc99ee.php 第 64 行.
NOTIC: [8] Undefined index: count D:\phpStudy\WWW\tp323\Application\Runtime\Cache\Home\2a94b8bda04ff446dcedd42276fc99ee.php 第 64 行.
NOTIC: [8] Undefined index: count D:\phpStudy\WWW\tp323\Application\Runtime\Cache\Home\2a94b8bda04ff446dcedd42276fc99ee.php 第 64 行.
NOTIC: [8] Undefined index: count D:\phpStudy\WWW\tp323\Application\Runtime\Cache\Home\2a94b8bda04ff446dcedd42276fc99ee.php 第 64 行.
NOTIC: [8] Undefined index: count D:\phpStudy\WWW\tp323\Application\Runtime\Cache\Home\2a94b8bda04ff446dcedd42276fc99ee.php 第 64 行.
NOTIC: [8] Undefined index: count D:\phpStudy\WWW\tp323\Application\Runtime\Cache\Home\2a94b8bda04ff446dcedd42276fc99ee.php 第 64 行.
NOTIC: [8] Undefined index: count D:\phpStudy\WWW\tp323\Application\Runtime\Cache\Home\2a94b8bda04ff446dcedd42276fc99ee.php 第 64 行.
NOTIC: [8] Undefined index: count D:\phpStudy\WWW\tp323\Application\Runtime\Cache\Home\2a94b8bda04ff446dcedd42276fc99ee.php 第 64 行.
NOTIC: [8] Undefined index: count D:\phpStudy\WWW\tp323\Application\Runtime\Cache\Home\2a94b8bda04ff446dcedd42276fc99ee.php 第 64 行.
NOTIC: [8] Undefined index: count D:\phpStudy\WWW\tp323\Application\Runtime\Cache\Home\2a94b8bda04ff446dcedd42276fc99ee.php 第 64 行.
NOTIC: [8] Undefined index: count D:\phpStudy\WWW\tp323\Application\Runtime\Cache\Home\2a94b8bda04ff446dcedd42276fc99ee.php 第 64 行.
INFO: Run Behavior\ParseTemplateBehavior [ RunTime:0.005000s ]
INFO: [ view_parse ] --END-- [ RunTime:0.005000s ]
INFO: [ view_filter ] --START--
INFO: Run Behavior\WriteHtmlCacheBehavior [ RunTime:0.000000s ]
INFO: [ view_filter ] --END-- [ RunTime:0.000000s ]
INFO: [ app_end ] --START--
INFO: Run Behavior\ShowPageTraceBehavior [ RunTime:0.001000s ]
INFO: [ app_end ] --END-- [ RunTime:0.001000s ]

[ 2015-11-11T00:12:58+08:00 ] 127.0.0.1 /tp323/
INFO: [ app_init ] --START--
INFO: Run Behavior\BuildLiteBehavior [ RunTime:0.001000s ]
INFO: [ app_init ] --END-- [ RunTime:0.001000s ]
INFO: [ app_begin ] --START--
INFO: Run Behavior\ReadHtmlCacheBehavior [ RunTime:0.001000s ]
INFO: [ app_begin ] --END-- [ RunTime:0.001000s ]
SQL: SHOW COLUMNS FROM `ecs_category` [ RunTime:0.0030s ]
SQL: SELECT `cat_id`,`cat_name`,`parent_id` FROM `ecs_category` ORDER BY parent_id asc,cat_id asc  [ RunTime:0.0000s ]
SQL: SHOW COLUMNS FROM `ecs_brand` [ RunTime:0.0020s ]
SQL: SELECT * FROM `ecs_brand`  [ RunTime:0.0010s ]
INFO: [ view_parse ] --START--
INFO: [ template_filter ] --START--
INFO: Run Behavior\ContentReplaceBehavior [ RunTime:0.000000s ]
INFO: [ template_filter ] --END-- [ RunTime:0.000000s ]
NOTIC: [8] Undefined index: count D:\phpStudy\WWW\tp323\Application\Runtime\Cache\Home\2a94b8bda04ff446dcedd42276fc99ee.php 第 64 行.
NOTIC: [8] Undefined index: count D:\phpStudy\WWW\tp323\Application\Runtime\Cache\Home\2a94b8bda04ff446dcedd42276fc99ee.php 第 64 行.
NOTIC: [8] Undefined index: count D:\phpStudy\WWW\tp323\Application\Runtime\Cache\Home\2a94b8bda04ff446dcedd42276fc99ee.php 第 64 行.
NOTIC: [8] Undefined index: count D:\phpStudy\WWW\tp323\Application\Runtime\Cache\Home\2a94b8bda04ff446dcedd42276fc99ee.php 第 64 行.
NOTIC: [8] Undefined index: count D:\phpStudy\WWW\tp323\Application\Runtime\Cache\Home\2a94b8bda04ff446dcedd42276fc99ee.php 第 64 行.
NOTIC: [8] Undefined index: count D:\phpStudy\WWW\tp323\Application\Runtime\Cache\Home\2a94b8bda04ff446dcedd42276fc99ee.php 第 64 行.
NOTIC: [8] Undefined index: count D:\phpStudy\WWW\tp323\Application\Runtime\Cache\Home\2a94b8bda04ff446dcedd42276fc99ee.php 第 64 行.
NOTIC: [8] Undefined index: count D:\phpStudy\WWW\tp323\Application\Runtime\Cache\Home\2a94b8bda04ff446dcedd42276fc99ee.php 第 64 行.
NOTIC: [8] Undefined index: count D:\phpStudy\WWW\tp323\Application\Runtime\Cache\Home\2a94b8bda04ff446dcedd42276fc99ee.php 第 64 行.
NOTIC: [8] Undefined index: count D:\phpStudy\WWW\tp323\Application\Runtime\Cache\Home\2a94b8bda04ff446dcedd42276fc99ee.php 第 64 行.
NOTIC: [8] Undefined index: count D:\phpStudy\WWW\tp323\Application\Runtime\Cache\Home\2a94b8bda04ff446dcedd42276fc99ee.php 第 64 行.
NOTIC: [8] Undefined index: count D:\phpStudy\WWW\tp323\Application\Runtime\Cache\Home\2a94b8bda04ff446dcedd42276fc99ee.php 第 64 行.
NOTIC: [8] Undefined index: count D:\phpStudy\WWW\tp323\Application\Runtime\Cache\Home\2a94b8bda04ff446dcedd42276fc99ee.php 第 64 行.
NOTIC: [8] Undefined index: count D:\phpStudy\WWW\tp323\Application\Runtime\Cache\Home\2a94b8bda04ff446dcedd42276fc99ee.php 第 64 行.
INFO: Run Behavior\ParseTemplateBehavior [ RunTime:0.004000s ]
INFO: [ view_parse ] --END-- [ RunTime:0.004000s ]
INFO: [ view_filter ] --START--
INFO: Run Behavior\WriteHtmlCacheBehavior [ RunTime:0.001000s ]
INFO: [ view_filter ] --END-- [ RunTime:0.001000s ]
INFO: [ app_end ] --START--
INFO: Run Behavior\ShowPageTraceBehavior [ RunTime:0.000000s ]
INFO: [ app_end ] --END-- [ RunTime:0.000000s ]

[ 2015-11-11T00:13:35+08:00 ] 127.0.0.1 /tp323/
INFO: [ app_init ] --START--
INFO: Run Behavior\BuildLiteBehavior [ RunTime:0.000000s ]
INFO: [ app_init ] --END-- [ RunTime:0.001001s ]
INFO: [ app_begin ] --START--
INFO: Run Behavior\ReadHtmlCacheBehavior [ RunTime:0.000000s ]
INFO: [ app_begin ] --END-- [ RunTime:0.001000s ]
SQL: SHOW COLUMNS FROM `ecs_category` [ RunTime:0.0030s ]
SQL: SELECT `cat_id`,`cat_name`,`parent_id` FROM `ecs_category` ORDER BY parent_id asc,cat_id asc  [ RunTime:0.0010s ]
SQL: SHOW COLUMNS FROM `ecs_brand` [ RunTime:0.0030s ]
SQL: SELECT * FROM `ecs_brand`  [ RunTime:0.0010s ]
INFO: [ view_parse ] --START--
INFO: [ template_filter ] --START--
INFO: Run Behavior\ContentReplaceBehavior [ RunTime:0.000000s ]
INFO: [ template_filter ] --END-- [ RunTime:0.001000s ]
NOTIC: [8] Undefined index: count D:\phpStudy\WWW\tp323\Application\Runtime\Cache\Home\2a94b8bda04ff446dcedd42276fc99ee.php 第 64 行.
NOTIC: [8] Undefined index: count D:\phpStudy\WWW\tp323\Application\Runtime\Cache\Home\2a94b8bda04ff446dcedd42276fc99ee.php 第 64 行.
NOTIC: [8] Undefined index: count D:\phpStudy\WWW\tp323\Application\Runtime\Cache\Home\2a94b8bda04ff446dcedd42276fc99ee.php 第 64 行.
NOTIC: [8] Undefined index: count D:\phpStudy\WWW\tp323\Application\Runtime\Cache\Home\2a94b8bda04ff446dcedd42276fc99ee.php 第 64 行.
NOTIC: [8] Undefined index: count D:\phpStudy\WWW\tp323\Application\Runtime\Cache\Home\2a94b8bda04ff446dcedd42276fc99ee.php 第 64 行.
NOTIC: [8] Undefined index: count D:\phpStudy\WWW\tp323\Application\Runtime\Cache\Home\2a94b8bda04ff446dcedd42276fc99ee.php 第 64 行.
NOTIC: [8] Undefined index: count D:\phpStudy\WWW\tp323\Application\Runtime\Cache\Home\2a94b8bda04ff446dcedd42276fc99ee.php 第 64 行.
NOTIC: [8] Undefined index: count D:\phpStudy\WWW\tp323\Application\Runtime\Cache\Home\2a94b8bda04ff446dcedd42276fc99ee.php 第 64 行.
NOTIC: [8] Undefined index: count D:\phpStudy\WWW\tp323\Application\Runtime\Cache\Home\2a94b8bda04ff446dcedd42276fc99ee.php 第 64 行.
NOTIC: [8] Undefined index: count D:\phpStudy\WWW\tp323\Application\Runtime\Cache\Home\2a94b8bda04ff446dcedd42276fc99ee.php 第 64 行.
NOTIC: [8] Undefined index: count D:\phpStudy\WWW\tp323\Application\Runtime\Cache\Home\2a94b8bda04ff446dcedd42276fc99ee.php 第 64 行.
NOTIC: [8] Undefined index: count D:\phpStudy\WWW\tp323\Application\Runtime\Cache\Home\2a94b8bda04ff446dcedd42276fc99ee.php 第 64 行.
NOTIC: [8] Undefined index: count D:\phpStudy\WWW\tp323\Application\Runtime\Cache\Home\2a94b8bda04ff446dcedd42276fc99ee.php 第 64 行.
NOTIC: [8] Undefined index: count D:\phpStudy\WWW\tp323\Application\Runtime\Cache\Home\2a94b8bda04ff446dcedd42276fc99ee.php 第 64 行.
INFO: Run Behavior\ParseTemplateBehavior [ RunTime:0.006001s ]
INFO: [ view_parse ] --END-- [ RunTime:0.006001s ]
INFO: [ view_filter ] --START--
INFO: Run Behavior\WriteHtmlCacheBehavior [ RunTime:0.000000s ]
INFO: [ view_filter ] --END-- [ RunTime:0.000000s ]
INFO: [ app_end ] --START--
INFO: Run Behavior\ShowPageTraceBehavior [ RunTime:0.000000s ]
INFO: [ app_end ] --END-- [ RunTime:0.000000s ]

[ 2015-11-11T00:14:05+08:00 ] 127.0.0.1 /tp323/
INFO: [ app_init ] --START--
INFO: Run Behavior\BuildLiteBehavior [ RunTime:0.000000s ]
INFO: [ app_init ] --END-- [ RunTime:0.000000s ]
INFO: [ app_begin ] --START--
INFO: Run Behavior\ReadHtmlCacheBehavior [ RunTime:0.001000s ]
INFO: [ app_begin ] --END-- [ RunTime:0.001000s ]
SQL: SHOW COLUMNS FROM `ecs_category` [ RunTime:0.0030s ]
SQL: SELECT `cat_id`,`cat_name`,`parent_id` FROM `ecs_category` ORDER BY parent_id asc,cat_id asc  [ RunTime:0.0010s ]
SQL: SHOW COLUMNS FROM `ecs_brand` [ RunTime:0.0020s ]
SQL: SELECT * FROM `ecs_brand`  [ RunTime:0.0000s ]
INFO: [ view_parse ] --START--
INFO: [ template_filter ] --START--
INFO: Run Behavior\ContentReplaceBehavior [ RunTime:0.000000s ]
INFO: [ template_filter ] --END-- [ RunTime:0.000000s ]
NOTIC: [8] Undefined index: count D:\phpStudy\WWW\tp323\Application\Runtime\Cache\Home\2a94b8bda04ff446dcedd42276fc99ee.php 第 64 行.
NOTIC: [8] Undefined index: count D:\phpStudy\WWW\tp323\Application\Runtime\Cache\Home\2a94b8bda04ff446dcedd42276fc99ee.php 第 64 行.
NOTIC: [8] Undefined index: count D:\phpStudy\WWW\tp323\Application\Runtime\Cache\Home\2a94b8bda04ff446dcedd42276fc99ee.php 第 64 行.
NOTIC: [8] Undefined index: count D:\phpStudy\WWW\tp323\Application\Runtime\Cache\Home\2a94b8bda04ff446dcedd42276fc99ee.php 第 64 行.
NOTIC: [8] Undefined index: count D:\phpStudy\WWW\tp323\Application\Runtime\Cache\Home\2a94b8bda04ff446dcedd42276fc99ee.php 第 64 行.
NOTIC: [8] Undefined index: count D:\phpStudy\WWW\tp323\Application\Runtime\Cache\Home\2a94b8bda04ff446dcedd42276fc99ee.php 第 64 行.
NOTIC: [8] Undefined index: count D:\phpStudy\WWW\tp323\Application\Runtime\Cache\Home\2a94b8bda04ff446dcedd42276fc99ee.php 第 64 行.
NOTIC: [8] Undefined index: count D:\phpStudy\WWW\tp323\Application\Runtime\Cache\Home\2a94b8bda04ff446dcedd42276fc99ee.php 第 64 行.
NOTIC: [8] Undefined index: count D:\phpStudy\WWW\tp323\Application\Runtime\Cache\Home\2a94b8bda04ff446dcedd42276fc99ee.php 第 64 行.
NOTIC: [8] Undefined index: count D:\phpStudy\WWW\tp323\Application\Runtime\Cache\Home\2a94b8bda04ff446dcedd42276fc99ee.php 第 64 行.
NOTIC: [8] Undefined index: count D:\phpStudy\WWW\tp323\Application\Runtime\Cache\Home\2a94b8bda04ff446dcedd42276fc99ee.php 第 64 行.
NOTIC: [8] Undefined index: count D:\phpStudy\WWW\tp323\Application\Runtime\Cache\Home\2a94b8bda04ff446dcedd42276fc99ee.php 第 64 行.
NOTIC: [8] Undefined index: count D:\phpStudy\WWW\tp323\Application\Runtime\Cache\Home\2a94b8bda04ff446dcedd42276fc99ee.php 第 64 行.
NOTIC: [8] Undefined index: count D:\phpStudy\WWW\tp323\Application\Runtime\Cache\Home\2a94b8bda04ff446dcedd42276fc99ee.php 第 64 行.
INFO: Run Behavior\ParseTemplateBehavior [ RunTime:0.005000s ]
INFO: [ view_parse ] --END-- [ RunTime:0.005000s ]
INFO: [ view_filter ] --START--
INFO: Run Behavior\WriteHtmlCacheBehavior [ RunTime:0.000000s ]
INFO: [ view_filter ] --END-- [ RunTime:0.000000s ]
INFO: [ app_end ] --START--
INFO: Run Behavior\ShowPageTraceBehavior [ RunTime:0.001000s ]
INFO: [ app_end ] --END-- [ RunTime:0.001000s ]

[ 2015-11-11T00:14:25+08:00 ] 127.0.0.1 /tp323/
INFO: [ app_init ] --START--
INFO: Run Behavior\BuildLiteBehavior [ RunTime:0.000000s ]
INFO: [ app_init ] --END-- [ RunTime:0.001000s ]
INFO: [ app_begin ] --START--
INFO: Run Behavior\ReadHtmlCacheBehavior [ RunTime:0.000000s ]
INFO: [ app_begin ] --END-- [ RunTime:0.001000s ]
SQL: SHOW COLUMNS FROM `ecs_category` [ RunTime:0.0030s ]
SQL: SELECT `cat_id`,`cat_name`,`parent_id` FROM `ecs_category` ORDER BY parent_id asc,cat_id asc  [ RunTime:0.0000s ]
SQL: SHOW COLUMNS FROM `ecs_brand` [ RunTime:0.0040s ]
SQL: SELECT * FROM `ecs_brand`  [ RunTime:0.0000s ]
INFO: [ view_parse ] --START--
INFO: [ template_filter ] --START--
INFO: Run Behavior\ContentReplaceBehavior [ RunTime:0.000000s ]
INFO: [ template_filter ] --END-- [ RunTime:0.000000s ]
NOTIC: [8] Undefined index: count D:\phpStudy\WWW\tp323\Application\Runtime\Cache\Home\2a94b8bda04ff446dcedd42276fc99ee.php 第 64 行.
NOTIC: [8] Undefined index: count D:\phpStudy\WWW\tp323\Application\Runtime\Cache\Home\2a94b8bda04ff446dcedd42276fc99ee.php 第 64 行.
NOTIC: [8] Undefined index: count D:\phpStudy\WWW\tp323\Application\Runtime\Cache\Home\2a94b8bda04ff446dcedd42276fc99ee.php 第 64 行.
NOTIC: [8] Undefined index: count D:\phpStudy\WWW\tp323\Application\Runtime\Cache\Home\2a94b8bda04ff446dcedd42276fc99ee.php 第 64 行.
NOTIC: [8] Undefined index: count D:\phpStudy\WWW\tp323\Application\Runtime\Cache\Home\2a94b8bda04ff446dcedd42276fc99ee.php 第 64 行.
NOTIC: [8] Undefined index: count D:\phpStudy\WWW\tp323\Application\Runtime\Cache\Home\2a94b8bda04ff446dcedd42276fc99ee.php 第 64 行.
NOTIC: [8] Undefined index: count D:\phpStudy\WWW\tp323\Application\Runtime\Cache\Home\2a94b8bda04ff446dcedd42276fc99ee.php 第 64 行.
NOTIC: [8] Undefined index: count D:\phpStudy\WWW\tp323\Application\Runtime\Cache\Home\2a94b8bda04ff446dcedd42276fc99ee.php 第 64 行.
NOTIC: [8] Undefined index: count D:\phpStudy\WWW\tp323\Application\Runtime\Cache\Home\2a94b8bda04ff446dcedd42276fc99ee.php 第 64 行.
NOTIC: [8] Undefined index: count D:\phpStudy\WWW\tp323\Application\Runtime\Cache\Home\2a94b8bda04ff446dcedd42276fc99ee.php 第 64 行.
NOTIC: [8] Undefined index: count D:\phpStudy\WWW\tp323\Application\Runtime\Cache\Home\2a94b8bda04ff446dcedd42276fc99ee.php 第 64 行.
NOTIC: [8] Undefined index: count D:\phpStudy\WWW\tp323\Application\Runtime\Cache\Home\2a94b8bda04ff446dcedd42276fc99ee.php 第 64 行.
NOTIC: [8] Undefined index: count D:\phpStudy\WWW\tp323\Application\Runtime\Cache\Home\2a94b8bda04ff446dcedd42276fc99ee.php 第 64 行.
NOTIC: [8] Undefined index: count D:\phpStudy\WWW\tp323\Application\Runtime\Cache\Home\2a94b8bda04ff446dcedd42276fc99ee.php 第 64 行.
INFO: Run Behavior\ParseTemplateBehavior [ RunTime:0.007001s ]
INFO: [ view_parse ] --END-- [ RunTime:0.007001s ]
INFO: [ view_filter ] --START--
INFO: Run Behavior\WriteHtmlCacheBehavior [ RunTime:0.000000s ]
INFO: [ view_filter ] --END-- [ RunTime:0.000000s ]
INFO: [ app_end ] --START--
INFO: Run Behavior\ShowPageTraceBehavior [ RunTime:0.001000s ]
INFO: [ app_end ] --END-- [ RunTime:0.001000s ]

[ 2015-11-11T00:14:27+08:00 ] 127.0.0.1 /tp323/
INFO: [ app_init ] --START--
INFO: Run Behavior\BuildLiteBehavior [ RunTime:0.000000s ]
INFO: [ app_init ] --END-- [ RunTime:0.001000s ]
INFO: [ app_begin ] --START--
INFO: Run Behavior\ReadHtmlCacheBehavior [ RunTime:0.001000s ]
INFO: [ app_begin ] --END-- [ RunTime:0.001000s ]
SQL: SHOW COLUMNS FROM `ecs_category` [ RunTime:0.0050s ]
SQL: SELECT `cat_id`,`cat_name`,`parent_id` FROM `ecs_category` ORDER BY parent_id asc,cat_id asc  [ RunTime:0.0000s ]
SQL: SHOW COLUMNS FROM `ecs_brand` [ RunTime:0.0030s ]
SQL: SELECT * FROM `ecs_brand`  [ RunTime:0.0010s ]
INFO: [ view_parse ] --START--
INFO: [ template_filter ] --START--
INFO: Run Behavior\ContentReplaceBehavior [ RunTime:0.000000s ]
INFO: [ template_filter ] --END-- [ RunTime:0.000000s ]
NOTIC: [8] Undefined index: count D:\phpStudy\WWW\tp323\Application\Runtime\Cache\Home\2a94b8bda04ff446dcedd42276fc99ee.php 第 64 行.
NOTIC: [8] Undefined index: count D:\phpStudy\WWW\tp323\Application\Runtime\Cache\Home\2a94b8bda04ff446dcedd42276fc99ee.php 第 64 行.
NOTIC: [8] Undefined index: count D:\phpStudy\WWW\tp323\Application\Runtime\Cache\Home\2a94b8bda04ff446dcedd42276fc99ee.php 第 64 行.
NOTIC: [8] Undefined index: count D:\phpStudy\WWW\tp323\Application\Runtime\Cache\Home\2a94b8bda04ff446dcedd42276fc99ee.php 第 64 行.
NOTIC: [8] Undefined index: count D:\phpStudy\WWW\tp323\Application\Runtime\Cache\Home\2a94b8bda04ff446dcedd42276fc99ee.php 第 64 行.
NOTIC: [8] Undefined index: count D:\phpStudy\WWW\tp323\Application\Runtime\Cache\Home\2a94b8bda04ff446dcedd42276fc99ee.php 第 64 行.
NOTIC: [8] Undefined index: count D:\phpStudy\WWW\tp323\Application\Runtime\Cache\Home\2a94b8bda04ff446dcedd42276fc99ee.php 第 64 行.
NOTIC: [8] Undefined index: count D:\phpStudy\WWW\tp323\Application\Runtime\Cache\Home\2a94b8bda04ff446dcedd42276fc99ee.php 第 64 行.
NOTIC: [8] Undefined index: count D:\phpStudy\WWW\tp323\Application\Runtime\Cache\Home\2a94b8bda04ff446dcedd42276fc99ee.php 第 64 行.
NOTIC: [8] Undefined index: count D:\phpStudy\WWW\tp323\Application\Runtime\Cache\Home\2a94b8bda04ff446dcedd42276fc99ee.php 第 64 行.
NOTIC: [8] Undefined index: count D:\phpStudy\WWW\tp323\Application\Runtime\Cache\Home\2a94b8bda04ff446dcedd42276fc99ee.php 第 64 行.
NOTIC: [8] Undefined index: count D:\phpStudy\WWW\tp323\Application\Runtime\Cache\Home\2a94b8bda04ff446dcedd42276fc99ee.php 第 64 行.
NOTIC: [8] Undefined index: count D:\phpStudy\WWW\tp323\Application\Runtime\Cache\Home\2a94b8bda04ff446dcedd42276fc99ee.php 第 64 行.
NOTIC: [8] Undefined index: count D:\phpStudy\WWW\tp323\Application\Runtime\Cache\Home\2a94b8bda04ff446dcedd42276fc99ee.php 第 64 行.
INFO: Run Behavior\ParseTemplateBehavior [ RunTime:0.005000s ]
INFO: [ view_parse ] --END-- [ RunTime:0.005000s ]
INFO: [ view_filter ] --START--
INFO: Run Behavior\WriteHtmlCacheBehavior [ RunTime:0.001000s ]
INFO: [ view_filter ] --END-- [ RunTime:0.001000s ]
INFO: [ app_end ] --START--
INFO: Run Behavior\ShowPageTraceBehavior [ RunTime:0.000000s ]
INFO: [ app_end ] --END-- [ RunTime:0.000000s ]

[ 2015-11-11T00:14:52+08:00 ] 127.0.0.1 /tp323/
INFO: [ app_init ] --START--
INFO: Run Behavior\BuildLiteBehavior [ RunTime:0.000000s ]
INFO: [ app_init ] --END-- [ RunTime:0.000000s ]
INFO: [ app_begin ] --START--
INFO: Run Behavior\ReadHtmlCacheBehavior [ RunTime:0.001000s ]
INFO: [ app_begin ] --END-- [ RunTime:0.001000s ]
SQL: SHOW COLUMNS FROM `ecs_category` [ RunTime:0.0030s ]
SQL: SELECT `cat_id`,`cat_name`,`parent_id` FROM `ecs_category` ORDER BY parent_id asc,cat_id asc  [ RunTime:0.0010s ]
SQL: SHOW COLUMNS FROM `ecs_brand` [ RunTime:0.0030s ]
SQL: SELECT * FROM `ecs_brand`  [ RunTime:0.0000s ]
INFO: [ view_parse ] --START--
INFO: [ template_filter ] --START--
INFO: Run Behavior\ContentReplaceBehavior [ RunTime:0.000000s ]
INFO: [ template_filter ] --END-- [ RunTime:0.000000s ]
NOTIC: [8] Undefined index: count D:\phpStudy\WWW\tp323\Application\Runtime\Cache\Home\2a94b8bda04ff446dcedd42276fc99ee.php 第 64 行.
NOTIC: [8] Undefined index: count D:\phpStudy\WWW\tp323\Application\Runtime\Cache\Home\2a94b8bda04ff446dcedd42276fc99ee.php 第 64 行.
NOTIC: [8] Undefined index: count D:\phpStudy\WWW\tp323\Application\Runtime\Cache\Home\2a94b8bda04ff446dcedd42276fc99ee.php 第 64 行.
NOTIC: [8] Undefined index: count D:\phpStudy\WWW\tp323\Application\Runtime\Cache\Home\2a94b8bda04ff446dcedd42276fc99ee.php 第 64 行.
NOTIC: [8] Undefined index: count D:\phpStudy\WWW\tp323\Application\Runtime\Cache\Home\2a94b8bda04ff446dcedd42276fc99ee.php 第 64 行.
NOTIC: [8] Undefined index: count D:\phpStudy\WWW\tp323\Application\Runtime\Cache\Home\2a94b8bda04ff446dcedd42276fc99ee.php 第 64 行.
NOTIC: [8] Undefined index: count D:\phpStudy\WWW\tp323\Application\Runtime\Cache\Home\2a94b8bda04ff446dcedd42276fc99ee.php 第 64 行.
NOTIC: [8] Undefined index: count D:\phpStudy\WWW\tp323\Application\Runtime\Cache\Home\2a94b8bda04ff446dcedd42276fc99ee.php 第 64 行.
NOTIC: [8] Undefined index: count D:\phpStudy\WWW\tp323\Application\Runtime\Cache\Home\2a94b8bda04ff446dcedd42276fc99ee.php 第 64 行.
NOTIC: [8] Undefined index: count D:\phpStudy\WWW\tp323\Application\Runtime\Cache\Home\2a94b8bda04ff446dcedd42276fc99ee.php 第 64 行.
NOTIC: [8] Undefined index: count D:\phpStudy\WWW\tp323\Application\Runtime\Cache\Home\2a94b8bda04ff446dcedd42276fc99ee.php 第 64 行.
NOTIC: [8] Undefined index: count D:\phpStudy\WWW\tp323\Application\Runtime\Cache\Home\2a94b8bda04ff446dcedd42276fc99ee.php 第 64 行.
NOTIC: [8] Undefined index: count D:\phpStudy\WWW\tp323\Application\Runtime\Cache\Home\2a94b8bda04ff446dcedd42276fc99ee.php 第 64 行.
NOTIC: [8] Undefined index: count D:\phpStudy\WWW\tp323\Application\Runtime\Cache\Home\2a94b8bda04ff446dcedd42276fc99ee.php 第 64 行.
INFO: Run Behavior\ParseTemplateBehavior [ RunTime:0.005000s ]
INFO: [ view_parse ] --END-- [ RunTime:0.005000s ]
INFO: [ view_filter ] --START--
INFO: Run Behavior\WriteHtmlCacheBehavior [ RunTime:0.001000s ]
INFO: [ view_filter ] --END-- [ RunTime:0.001000s ]
INFO: [ app_end ] --START--
INFO: Run Behavior\ShowPageTraceBehavior [ RunTime:0.000000s ]
INFO: [ app_end ] --END-- [ RunTime:0.000000s ]

[ 2015-11-11T00:15:02+08:00 ] 127.0.0.1 /tp323/
INFO: [ app_init ] --START--
INFO: Run Behavior\BuildLiteBehavior [ RunTime:0.000000s ]
INFO: [ app_init ] --END-- [ RunTime:0.001000s ]
INFO: [ app_begin ] --START--
INFO: Run Behavior\ReadHtmlCacheBehavior [ RunTime:0.000000s ]
INFO: [ app_begin ] --END-- [ RunTime:0.001000s ]
SQL: SHOW COLUMNS FROM `ecs_category` [ RunTime:0.0040s ]
SQL: SELECT `cat_id`,`cat_name`,`parent_id` FROM `ecs_category` ORDER BY parent_id asc,cat_id asc  [ RunTime:0.0000s ]
SQL: SHOW COLUMNS FROM `ecs_brand` [ RunTime:0.0030s ]
SQL: SELECT * FROM `ecs_brand`  [ RunTime:0.0010s ]
INFO: [ view_parse ] --START--
INFO: [ template_filter ] --START--
INFO: Run Behavior\ContentReplaceBehavior [ RunTime:0.000000s ]
INFO: [ template_filter ] --END-- [ RunTime:0.000000s ]
NOTIC: [8] Undefined index: count D:\phpStudy\WWW\tp323\Application\Runtime\Cache\Home\2a94b8bda04ff446dcedd42276fc99ee.php 第 64 行.
NOTIC: [8] Undefined index: count D:\phpStudy\WWW\tp323\Application\Runtime\Cache\Home\2a94b8bda04ff446dcedd42276fc99ee.php 第 64 行.
NOTIC: [8] Undefined index: count D:\phpStudy\WWW\tp323\Application\Runtime\Cache\Home\2a94b8bda04ff446dcedd42276fc99ee.php 第 64 行.
NOTIC: [8] Undefined index: count D:\phpStudy\WWW\tp323\Application\Runtime\Cache\Home\2a94b8bda04ff446dcedd42276fc99ee.php 第 64 行.
NOTIC: [8] Undefined index: count D:\phpStudy\WWW\tp323\Application\Runtime\Cache\Home\2a94b8bda04ff446dcedd42276fc99ee.php 第 64 行.
NOTIC: [8] Undefined index: count D:\phpStudy\WWW\tp323\Application\Runtime\Cache\Home\2a94b8bda04ff446dcedd42276fc99ee.php 第 64 行.
NOTIC: [8] Undefined index: count D:\phpStudy\WWW\tp323\Application\Runtime\Cache\Home\2a94b8bda04ff446dcedd42276fc99ee.php 第 64 行.
NOTIC: [8] Undefined index: count D:\phpStudy\WWW\tp323\Application\Runtime\Cache\Home\2a94b8bda04ff446dcedd42276fc99ee.php 第 64 行.
NOTIC: [8] Undefined index: count D:\phpStudy\WWW\tp323\Application\Runtime\Cache\Home\2a94b8bda04ff446dcedd42276fc99ee.php 第 64 行.
NOTIC: [8] Undefined index: count D:\phpStudy\WWW\tp323\Application\Runtime\Cache\Home\2a94b8bda04ff446dcedd42276fc99ee.php 第 64 行.
NOTIC: [8] Undefined index: count D:\phpStudy\WWW\tp323\Application\Runtime\Cache\Home\2a94b8bda04ff446dcedd42276fc99ee.php 第 64 行.
NOTIC: [8] Undefined index: count D:\phpStudy\WWW\tp323\Application\Runtime\Cache\Home\2a94b8bda04ff446dcedd42276fc99ee.php 第 64 行.
NOTIC: [8] Undefined index: count D:\phpStudy\WWW\tp323\Application\Runtime\Cache\Home\2a94b8bda04ff446dcedd42276fc99ee.php 第 64 行.
NOTIC: [8] Undefined index: count D:\phpStudy\WWW\tp323\Application\Runtime\Cache\Home\2a94b8bda04ff446dcedd42276fc99ee.php 第 64 行.
INFO: Run Behavior\ParseTemplateBehavior [ RunTime:0.005000s ]
INFO: [ view_parse ] --END-- [ RunTime:0.005000s ]
INFO: [ view_filter ] --START--
INFO: Run Behavior\WriteHtmlCacheBehavior [ RunTime:0.000000s ]
INFO: [ view_filter ] --END-- [ RunTime:0.000000s ]
INFO: [ app_end ] --START--
INFO: Run Behavior\ShowPageTraceBehavior [ RunTime:0.000000s ]
INFO: [ app_end ] --END-- [ RunTime:0.000000s ]

[ 2015-11-11T00:17:34+08:00 ] 127.0.0.1 /tp323/
INFO: [ app_init ] --START--
INFO: Run Behavior\BuildLiteBehavior [ RunTime:0.000000s ]
INFO: [ app_init ] --END-- [ RunTime:0.000000s ]
INFO: [ app_begin ] --START--
INFO: Run Behavior\ReadHtmlCacheBehavior [ RunTime:0.000000s ]
INFO: [ app_begin ] --END-- [ RunTime:0.000000s ]
SQL: SHOW COLUMNS FROM `ecs_category` [ RunTime:0.0020s ]
SQL: SELECT `cat_id`,`cat_name`,`parent_id` FROM `ecs_category` ORDER BY parent_id asc,cat_id asc  [ RunTime:0.0000s ]
SQL: SHOW COLUMNS FROM `ecs_brand` [ RunTime:0.0010s ]
SQL: SELECT * FROM `ecs_brand`  [ RunTime:0.0000s ]
INFO: [ view_parse ] --START--
INFO: [ template_filter ] --START--
INFO: Run Behavior\ContentReplaceBehavior [ RunTime:0.000000s ]
INFO: [ template_filter ] --END-- [ RunTime:0.000000s ]
NOTIC: [8] Undefined variable: 1 D:\phpStudy\WWW\tp323\Application\Runtime\Cache\Home\2a94b8bda04ff446dcedd42276fc99ee.php 第 64 行.
NOTIC: [8] Undefined variable: 2 D:\phpStudy\WWW\tp323\Application\Runtime\Cache\Home\2a94b8bda04ff446dcedd42276fc99ee.php 第 64 行.
NOTIC: [8] Undefined variable: 2 D:\phpStudy\WWW\tp323\Application\Runtime\Cache\Home\2a94b8bda04ff446dcedd42276fc99ee.php 第 64 行.
NOTIC: [8] Undefined variable: 2 D:\phpStudy\WWW\tp323\Application\Runtime\Cache\Home\2a94b8bda04ff446dcedd42276fc99ee.php 第 64 行.
NOTIC: [8] Undefined variable: 2 D:\phpStudy\WWW\tp323\Application\Runtime\Cache\Home\2a94b8bda04ff446dcedd42276fc99ee.php 第 64 行.
NOTIC: [8] Undefined variable: 1 D:\phpStudy\WWW\tp323\Application\Runtime\Cache\Home\2a94b8bda04ff446dcedd42276fc99ee.php 第 64 行.
NOTIC: [8] Undefined variable: 2 D:\phpStudy\WWW\tp323\Application\Runtime\Cache\Home\2a94b8bda04ff446dcedd42276fc99ee.php 第 64 行.
NOTIC: [8] Undefined variable: 2 D:\phpStudy\WWW\tp323\Application\Runtime\Cache\Home\2a94b8bda04ff446dcedd42276fc99ee.php 第 64 行.
NOTIC: [8] Undefined variable: 2 D:\phpStudy\WWW\tp323\Application\Runtime\Cache\Home\2a94b8bda04ff446dcedd42276fc99ee.php 第 64 行.
NOTIC: [8] Undefined variable: 2 D:\phpStudy\WWW\tp323\Application\Runtime\Cache\Home\2a94b8bda04ff446dcedd42276fc99ee.php 第 64 行.
NOTIC: [8] Undefined variable: 1 D:\phpStudy\WWW\tp323\Application\Runtime\Cache\Home\2a94b8bda04ff446dcedd42276fc99ee.php 第 64 行.
NOTIC: [8] Undefined variable: 2 D:\phpStudy\WWW\tp323\Application\Runtime\Cache\Home\2a94b8bda04ff446dcedd42276fc99ee.php 第 64 行.
NOTIC: [8] Undefined variable: 2 D:\phpStudy\WWW\tp323\Application\Runtime\Cache\Home\2a94b8bda04ff446dcedd42276fc99ee.php 第 64 行.
NOTIC: [8] Undefined variable: 2 D:\phpStudy\WWW\tp323\Application\Runtime\Cache\Home\2a94b8bda04ff446dcedd42276fc99ee.php 第 64 行.
INFO: Run Behavior\ParseTemplateBehavior [ RunTime:0.005001s ]
INFO: [ view_parse ] --END-- [ RunTime:0.005001s ]
INFO: [ view_filter ] --START--
INFO: Run Behavior\WriteHtmlCacheBehavior [ RunTime:0.000000s ]
INFO: [ view_filter ] --END-- [ RunTime:0.000000s ]
INFO: [ app_end ] --START--
INFO: Run Behavior\ShowPageTraceBehavior [ RunTime:0.001000s ]
INFO: [ app_end ] --END-- [ RunTime:0.001000s ]

[ 2015-11-11T00:17:35+08:00 ] 127.0.0.1 /tp323/
INFO: [ app_init ] --START--
INFO: Run Behavior\BuildLiteBehavior [ RunTime:0.000000s ]
INFO: [ app_init ] --END-- [ RunTime:0.001000s ]
INFO: [ app_begin ] --START--
INFO: Run Behavior\ReadHtmlCacheBehavior [ RunTime:0.001000s ]
INFO: [ app_begin ] --END-- [ RunTime:0.001000s ]
SQL: SHOW COLUMNS FROM `ecs_category` [ RunTime:0.0020s ]
SQL: SELECT `cat_id`,`cat_name`,`parent_id` FROM `ecs_category` ORDER BY parent_id asc,cat_id asc  [ RunTime:0.0010s ]
SQL: SHOW COLUMNS FROM `ecs_brand` [ RunTime:0.0030s ]
SQL: SELECT * FROM `ecs_brand`  [ RunTime:0.0000s ]
INFO: [ view_parse ] --START--
INFO: [ template_filter ] --START--
INFO: Run Behavior\ContentReplaceBehavior [ RunTime:0.000000s ]
INFO: [ template_filter ] --END-- [ RunTime:0.000000s ]
NOTIC: [8] Undefined variable: 1 D:\phpStudy\WWW\tp323\Application\Runtime\Cache\Home\2a94b8bda04ff446dcedd42276fc99ee.php 第 64 行.
NOTIC: [8] Undefined variable: 2 D:\phpStudy\WWW\tp323\Application\Runtime\Cache\Home\2a94b8bda04ff446dcedd42276fc99ee.php 第 64 行.
NOTIC: [8] Undefined variable: 2 D:\phpStudy\WWW\tp323\Application\Runtime\Cache\Home\2a94b8bda04ff446dcedd42276fc99ee.php 第 64 行.
NOTIC: [8] Undefined variable: 2 D:\phpStudy\WWW\tp323\Application\Runtime\Cache\Home\2a94b8bda04ff446dcedd42276fc99ee.php 第 64 行.
NOTIC: [8] Undefined variable: 2 D:\phpStudy\WWW\tp323\Application\Runtime\Cache\Home\2a94b8bda04ff446dcedd42276fc99ee.php 第 64 行.
NOTIC: [8] Undefined variable: 1 D:\phpStudy\WWW\tp323\Application\Runtime\Cache\Home\2a94b8bda04ff446dcedd42276fc99ee.php 第 64 行.
NOTIC: [8] Undefined variable: 2 D:\phpStudy\WWW\tp323\Application\Runtime\Cache\Home\2a94b8bda04ff446dcedd42276fc99ee.php 第 64 行.
NOTIC: [8] Undefined variable: 2 D:\phpStudy\WWW\tp323\Application\Runtime\Cache\Home\2a94b8bda04ff446dcedd42276fc99ee.php 第 64 行.
NOTIC: [8] Undefined variable: 2 D:\phpStudy\WWW\tp323\Application\Runtime\Cache\Home\2a94b8bda04ff446dcedd42276fc99ee.php 第 64 行.
NOTIC: [8] Undefined variable: 2 D:\phpStudy\WWW\tp323\Application\Runtime\Cache\Home\2a94b8bda04ff446dcedd42276fc99ee.php 第 64 行.
NOTIC: [8] Undefined variable: 1 D:\phpStudy\WWW\tp323\Application\Runtime\Cache\Home\2a94b8bda04ff446dcedd42276fc99ee.php 第 64 行.
NOTIC: [8] Undefined variable: 2 D:\phpStudy\WWW\tp323\Application\Runtime\Cache\Home\2a94b8bda04ff446dcedd42276fc99ee.php 第 64 行.
NOTIC: [8] Undefined variable: 2 D:\phpStudy\WWW\tp323\Application\Runtime\Cache\Home\2a94b8bda04ff446dcedd42276fc99ee.php 第 64 行.
NOTIC: [8] Undefined variable: 2 D:\phpStudy\WWW\tp323\Application\Runtime\Cache\Home\2a94b8bda04ff446dcedd42276fc99ee.php 第 64 行.
INFO: Run Behavior\ParseTemplateBehavior [ RunTime:0.005000s ]
INFO: [ view_parse ] --END-- [ RunTime:0.005000s ]
INFO: [ view_filter ] --START--
INFO: Run Behavior\WriteHtmlCacheBehavior [ RunTime:0.000000s ]
INFO: [ view_filter ] --END-- [ RunTime:0.000000s ]
INFO: [ app_end ] --START--
INFO: Run Behavior\ShowPageTraceBehavior [ RunTime:0.000000s ]
INFO: [ app_end ] --END-- [ RunTime:0.000000s ]

[ 2015-11-11T00:17:40+08:00 ] 127.0.0.1 /tp323/
INFO: [ app_init ] --START--
INFO: Run Behavior\BuildLiteBehavior [ RunTime:0.000000s ]
INFO: [ app_init ] --END-- [ RunTime:0.000000s ]
INFO: [ app_begin ] --START--
INFO: Run Behavior\ReadHtmlCacheBehavior [ RunTime:0.000000s ]
INFO: [ app_begin ] --END-- [ RunTime:0.000000s ]
SQL: SHOW COLUMNS FROM `ecs_category` [ RunTime:0.0040s ]
SQL: SELECT `cat_id`,`cat_name`,`parent_id` FROM `ecs_category` ORDER BY parent_id asc,cat_id asc  [ RunTime:0.0010s ]
SQL: SHOW COLUMNS FROM `ecs_brand` [ RunTime:0.0030s ]
SQL: SELECT * FROM `ecs_brand`  [ RunTime:0.0010s ]
INFO: [ view_parse ] --START--
INFO: [ template_filter ] --START--
INFO: Run Behavior\ContentReplaceBehavior [ RunTime:0.000000s ]
INFO: [ template_filter ] --END-- [ RunTime:0.001000s ]
NOTIC: [8] Undefined variable: 1 D:\phpStudy\WWW\tp323\Application\Runtime\Cache\Home\2a94b8bda04ff446dcedd42276fc99ee.php 第 64 行.
NOTIC: [8] Undefined variable: 2 D:\phpStudy\WWW\tp323\Application\Runtime\Cache\Home\2a94b8bda04ff446dcedd42276fc99ee.php 第 64 行.
NOTIC: [8] Undefined variable: 2 D:\phpStudy\WWW\tp323\Application\Runtime\Cache\Home\2a94b8bda04ff446dcedd42276fc99ee.php 第 64 行.
NOTIC: [8] Undefined variable: 2 D:\phpStudy\WWW\tp323\Application\Runtime\Cache\Home\2a94b8bda04ff446dcedd42276fc99ee.php 第 64 行.
NOTIC: [8] Undefined variable: 2 D:\phpStudy\WWW\tp323\Application\Runtime\Cache\Home\2a94b8bda04ff446dcedd42276fc99ee.php 第 64 行.
NOTIC: [8] Undefined variable: 1 D:\phpStudy\WWW\tp323\Application\Runtime\Cache\Home\2a94b8bda04ff446dcedd42276fc99ee.php 第 64 行.
NOTIC: [8] Undefined variable: 2 D:\phpStudy\WWW\tp323\Application\Runtime\Cache\Home\2a94b8bda04ff446dcedd42276fc99ee.php 第 64 行.
NOTIC: [8] Undefined variable: 2 D:\phpStudy\WWW\tp323\Application\Runtime\Cache\Home\2a94b8bda04ff446dcedd42276fc99ee.php 第 64 行.
NOTIC: [8] Undefined variable: 2 D:\phpStudy\WWW\tp323\Application\Runtime\Cache\Home\2a94b8bda04ff446dcedd42276fc99ee.php 第 64 行.
NOTIC: [8] Undefined variable: 2 D:\phpStudy\WWW\tp323\Application\Runtime\Cache\Home\2a94b8bda04ff446dcedd42276fc99ee.php 第 64 行.
NOTIC: [8] Undefined variable: 1 D:\phpStudy\WWW\tp323\Application\Runtime\Cache\Home\2a94b8bda04ff446dcedd42276fc99ee.php 第 64 行.
NOTIC: [8] Undefined variable: 2 D:\phpStudy\WWW\tp323\Application\Runtime\Cache\Home\2a94b8bda04ff446dcedd42276fc99ee.php 第 64 行.
NOTIC: [8] Undefined variable: 2 D:\phpStudy\WWW\tp323\Application\Runtime\Cache\Home\2a94b8bda04ff446dcedd42276fc99ee.php 第 64 行.
NOTIC: [8] Undefined variable: 2 D:\phpStudy\WWW\tp323\Application\Runtime\Cache\Home\2a94b8bda04ff446dcedd42276fc99ee.php 第 64 行.
INFO: Run Behavior\ParseTemplateBehavior [ RunTime:0.006000s ]
INFO: [ view_parse ] --END-- [ RunTime:0.006000s ]
INFO: [ view_filter ] --START--
INFO: Run Behavior\WriteHtmlCacheBehavior [ RunTime:0.000000s ]
INFO: [ view_filter ] --END-- [ RunTime:0.000000s ]
INFO: [ app_end ] --START--
INFO: Run Behavior\ShowPageTraceBehavior [ RunTime:0.000000s ]
INFO: [ app_end ] --END-- [ RunTime:0.000000s ]

[ 2015-11-11T00:17:50+08:00 ] 127.0.0.1 /tp323/
INFO: [ app_init ] --START--
INFO: Run Behavior\BuildLiteBehavior [ RunTime:0.000000s ]
INFO: [ app_init ] --END-- [ RunTime:0.000000s ]
INFO: [ app_begin ] --START--
INFO: Run Behavior\ReadHtmlCacheBehavior [ RunTime:0.000000s ]
INFO: [ app_begin ] --END-- [ RunTime:0.000000s ]
SQL: SHOW COLUMNS FROM `ecs_category` [ RunTime:0.0020s ]
SQL: SELECT `cat_id`,`cat_name`,`parent_id` FROM `ecs_category` ORDER BY parent_id asc,cat_id asc  [ RunTime:0.0000s ]
SQL: SHOW COLUMNS FROM `ecs_brand` [ RunTime:0.0020s ]
SQL: SELECT * FROM `ecs_brand`  [ RunTime:0.0010s ]
INFO: [ view_parse ] --START--
INFO: [ template_filter ] --START--
INFO: Run Behavior\ContentReplaceBehavior [ RunTime:0.000000s ]
INFO: [ template_filter ] --END-- [ RunTime:0.000000s ]
NOTIC: [8] Undefined variable: 1 D:\phpStudy\WWW\tp323\Application\Runtime\Cache\Home\2a94b8bda04ff446dcedd42276fc99ee.php 第 64 行.
NOTIC: [8] Undefined variable: 2 D:\phpStudy\WWW\tp323\Application\Runtime\Cache\Home\2a94b8bda04ff446dcedd42276fc99ee.php 第 64 行.
NOTIC: [8] Undefined variable: 2 D:\phpStudy\WWW\tp323\Application\Runtime\Cache\Home\2a94b8bda04ff446dcedd42276fc99ee.php 第 64 行.
NOTIC: [8] Undefined variable: 2 D:\phpStudy\WWW\tp323\Application\Runtime\Cache\Home\2a94b8bda04ff446dcedd42276fc99ee.php 第 64 行.
NOTIC: [8] Undefined variable: 2 D:\phpStudy\WWW\tp323\Application\Runtime\Cache\Home\2a94b8bda04ff446dcedd42276fc99ee.php 第 64 行.
NOTIC: [8] Undefined variable: 1 D:\phpStudy\WWW\tp323\Application\Runtime\Cache\Home\2a94b8bda04ff446dcedd42276fc99ee.php 第 64 行.
NOTIC: [8] Undefined variable: 2 D:\phpStudy\WWW\tp323\Application\Runtime\Cache\Home\2a94b8bda04ff446dcedd42276fc99ee.php 第 64 行.
NOTIC: [8] Undefined variable: 2 D:\phpStudy\WWW\tp323\Application\Runtime\Cache\Home\2a94b8bda04ff446dcedd42276fc99ee.php 第 64 行.
NOTIC: [8] Undefined variable: 2 D:\phpStudy\WWW\tp323\Application\Runtime\Cache\Home\2a94b8bda04ff446dcedd42276fc99ee.php 第 64 行.
NOTIC: [8] Undefined variable: 2 D:\phpStudy\WWW\tp323\Application\Runtime\Cache\Home\2a94b8bda04ff446dcedd42276fc99ee.php 第 64 行.
NOTIC: [8] Undefined variable: 1 D:\phpStudy\WWW\tp323\Application\Runtime\Cache\Home\2a94b8bda04ff446dcedd42276fc99ee.php 第 64 行.
NOTIC: [8] Undefined variable: 2 D:\phpStudy\WWW\tp323\Application\Runtime\Cache\Home\2a94b8bda04ff446dcedd42276fc99ee.php 第 64 行.
NOTIC: [8] Undefined variable: 2 D:\phpStudy\WWW\tp323\Application\Runtime\Cache\Home\2a94b8bda04ff446dcedd42276fc99ee.php 第 64 行.
NOTIC: [8] Undefined variable: 2 D:\phpStudy\WWW\tp323\Application\Runtime\Cache\Home\2a94b8bda04ff446dcedd42276fc99ee.php 第 64 行.
INFO: Run Behavior\ParseTemplateBehavior [ RunTime:0.004000s ]
INFO: [ view_parse ] --END-- [ RunTime:0.004000s ]
INFO: [ view_filter ] --START--
INFO: Run Behavior\WriteHtmlCacheBehavior [ RunTime:0.000000s ]
INFO: [ view_filter ] --END-- [ RunTime:0.000000s ]
INFO: [ app_end ] --START--
INFO: Run Behavior\ShowPageTraceBehavior [ RunTime:0.001000s ]
INFO: [ app_end ] --END-- [ RunTime:0.001000s ]

[ 2015-11-11T00:18:18+08:00 ] 127.0.0.1 /tp323/
INFO: [ app_init ] --START--
INFO: Run Behavior\BuildLiteBehavior [ RunTime:0.000000s ]
INFO: [ app_init ] --END-- [ RunTime:0.000000s ]
INFO: [ app_begin ] --START--
INFO: Run Behavior\ReadHtmlCacheBehavior [ RunTime:0.000000s ]
INFO: [ app_begin ] --END-- [ RunTime:0.000000s ]
SQL: SHOW COLUMNS FROM `ecs_category` [ RunTime:0.0020s ]
SQL: SELECT `cat_id`,`cat_name`,`parent_id` FROM `ecs_category` ORDER BY parent_id asc,cat_id asc  [ RunTime:0.0000s ]
SQL: SHOW COLUMNS FROM `ecs_brand` [ RunTime:0.0020s ]
SQL: SELECT * FROM `ecs_brand`  [ RunTime:0.0010s ]
INFO: [ view_parse ] --START--
INFO: [ template_filter ] --START--
INFO: Run Behavior\ContentReplaceBehavior [ RunTime:0.000000s ]
INFO: [ template_filter ] --END-- [ RunTime:0.000000s ]
NOTIC: [8] Undefined variable: 1 D:\phpStudy\WWW\tp323\Application\Runtime\Cache\Home\2a94b8bda04ff446dcedd42276fc99ee.php 第 64 行.
NOTIC: [8] Undefined variable: 2 D:\phpStudy\WWW\tp323\Application\Runtime\Cache\Home\2a94b8bda04ff446dcedd42276fc99ee.php 第 64 行.
NOTIC: [8] Undefined variable: 2 D:\phpStudy\WWW\tp323\Application\Runtime\Cache\Home\2a94b8bda04ff446dcedd42276fc99ee.php 第 64 行.
NOTIC: [8] Undefined variable: 2 D:\phpStudy\WWW\tp323\Application\Runtime\Cache\Home\2a94b8bda04ff446dcedd42276fc99ee.php 第 64 行.
NOTIC: [8] Undefined variable: 2 D:\phpStudy\WWW\tp323\Application\Runtime\Cache\Home\2a94b8bda04ff446dcedd42276fc99ee.php 第 64 行.
NOTIC: [8] Undefined variable: 1 D:\phpStudy\WWW\tp323\Application\Runtime\Cache\Home\2a94b8bda04ff446dcedd42276fc99ee.php 第 64 行.
NOTIC: [8] Undefined variable: 2 D:\phpStudy\WWW\tp323\Application\Runtime\Cache\Home\2a94b8bda04ff446dcedd42276fc99ee.php 第 64 行.
NOTIC: [8] Undefined variable: 2 D:\phpStudy\WWW\tp323\Application\Runtime\Cache\Home\2a94b8bda04ff446dcedd42276fc99ee.php 第 64 行.
NOTIC: [8] Undefined variable: 2 D:\phpStudy\WWW\tp323\Application\Runtime\Cache\Home\2a94b8bda04ff446dcedd42276fc99ee.php 第 64 行.
NOTIC: [8] Undefined variable: 2 D:\phpStudy\WWW\tp323\Application\Runtime\Cache\Home\2a94b8bda04ff446dcedd42276fc99ee.php 第 64 行.
NOTIC: [8] Undefined variable: 1 D:\phpStudy\WWW\tp323\Application\Runtime\Cache\Home\2a94b8bda04ff446dcedd42276fc99ee.php 第 64 行.
NOTIC: [8] Undefined variable: 2 D:\phpStudy\WWW\tp323\Application\Runtime\Cache\Home\2a94b8bda04ff446dcedd42276fc99ee.php 第 64 行.
NOTIC: [8] Undefined variable: 2 D:\phpStudy\WWW\tp323\Application\Runtime\Cache\Home\2a94b8bda04ff446dcedd42276fc99ee.php 第 64 行.
NOTIC: [8] Undefined variable: 2 D:\phpStudy\WWW\tp323\Application\Runtime\Cache\Home\2a94b8bda04ff446dcedd42276fc99ee.php 第 64 行.
INFO: Run Behavior\ParseTemplateBehavior [ RunTime:0.012001s ]
INFO: [ view_parse ] --END-- [ RunTime:0.012001s ]
INFO: [ view_filter ] --START--
INFO: Run Behavior\WriteHtmlCacheBehavior [ RunTime:0.000000s ]
INFO: [ view_filter ] --END-- [ RunTime:0.000000s ]
INFO: [ app_end ] --START--
INFO: Run Behavior\ShowPageTraceBehavior [ RunTime:0.000000s ]
INFO: [ app_end ] --END-- [ RunTime:0.000000s ]

[ 2015-11-11T00:19:51+08:00 ] 127.0.0.1 /tp323/
INFO: [ app_init ] --START--
INFO: Run Behavior\BuildLiteBehavior [ RunTime:0.000000s ]
INFO: [ app_init ] --END-- [ RunTime:0.000000s ]
INFO: [ app_begin ] --START--
INFO: Run Behavior\ReadHtmlCacheBehavior [ RunTime:0.001000s ]
INFO: [ app_begin ] --END-- [ RunTime:0.001000s ]
SQL: SHOW COLUMNS FROM `ecs_category` [ RunTime:0.0040s ]
SQL: SELECT `cat_id`,`cat_name`,`parent_id` FROM `ecs_category` ORDER BY parent_id asc,cat_id asc  [ RunTime:0.0010s ]
SQL: SHOW COLUMNS FROM `ecs_brand` [ RunTime:0.0030s ]
SQL: SELECT * FROM `ecs_brand`  [ RunTime:0.0010s ]
INFO: [ view_parse ] --START--
INFO: [ template_filter ] --START--
INFO: Run Behavior\ContentReplaceBehavior [ RunTime:0.000000s ]
INFO: [ template_filter ] --END-- [ RunTime:0.000000s ]
INFO: Run Behavior\ParseTemplateBehavior [ RunTime:0.004000s ]
INFO: [ view_parse ] --END-- [ RunTime:0.004000s ]
INFO: [ view_filter ] --START--
INFO: Run Behavior\WriteHtmlCacheBehavior [ RunTime:0.001000s ]
INFO: [ view_filter ] --END-- [ RunTime:0.001000s ]
INFO: [ app_end ] --START--
INFO: Run Behavior\ShowPageTraceBehavior [ RunTime:0.000000s ]
INFO: [ app_end ] --END-- [ RunTime:0.000000s ]

[ 2015-11-11T00:20:04+08:00 ] 127.0.0.1 /tp323/
INFO: [ app_init ] --START--
INFO: Run Behavior\BuildLiteBehavior [ RunTime:0.000000s ]
INFO: [ app_init ] --END-- [ RunTime:0.001000s ]
INFO: [ app_begin ] --START--
INFO: Run Behavior\ReadHtmlCacheBehavior [ RunTime:0.001000s ]
INFO: [ app_begin ] --END-- [ RunTime:0.001000s ]
SQL: SHOW COLUMNS FROM `ecs_category` [ RunTime:0.0030s ]
SQL: SELECT `cat_id`,`cat_name`,`parent_id` FROM `ecs_category` ORDER BY parent_id asc,cat_id asc  [ RunTime:0.0010s ]
SQL: SHOW COLUMNS FROM `ecs_brand` [ RunTime:0.0030s ]
SQL: SELECT * FROM `ecs_brand`  [ RunTime:0.0000s ]
INFO: [ view_parse ] --START--
INFO: [ template_filter ] --START--
INFO: Run Behavior\ContentReplaceBehavior [ RunTime:0.000000s ]
INFO: [ template_filter ] --END-- [ RunTime:0.000000s ]
INFO: Run Behavior\ParseTemplateBehavior [ RunTime:0.007001s ]
INFO: [ view_parse ] --END-- [ RunTime:0.007001s ]
INFO: [ view_filter ] --START--
INFO: Run Behavior\WriteHtmlCacheBehavior [ RunTime:0.000000s ]
INFO: [ view_filter ] --END-- [ RunTime:0.000000s ]
INFO: [ app_end ] --START--
INFO: Run Behavior\ShowPageTraceBehavior [ RunTime:0.001000s ]
INFO: [ app_end ] --END-- [ RunTime:0.001000s ]

[ 2015-11-11T00:20:41+08:00 ] 127.0.0.1 /tp323/
INFO: [ app_init ] --START--
INFO: Run Behavior\BuildLiteBehavior [ RunTime:0.000000s ]
INFO: [ app_init ] --END-- [ RunTime:0.000000s ]
INFO: [ app_begin ] --START--
INFO: Run Behavior\ReadHtmlCacheBehavior [ RunTime:0.001000s ]
INFO: [ app_begin ] --END-- [ RunTime:0.001000s ]
SQL: SHOW COLUMNS FROM `ecs_category` [ RunTime:0.0040s ]
SQL: SELECT `cat_id`,`cat_name`,`parent_id` FROM `ecs_category` ORDER BY parent_id asc,cat_id asc  [ RunTime:0.0010s ]
SQL: SHOW COLUMNS FROM `ecs_brand` [ RunTime:0.0040s ]
SQL: SELECT * FROM `ecs_brand`  [ RunTime:0.0000s ]
INFO: [ view_parse ] --START--
INFO: [ template_filter ] --START--
INFO: Run Behavior\ContentReplaceBehavior [ RunTime:0.000000s ]
INFO: [ template_filter ] --END-- [ RunTime:0.000000s ]
INFO: Run Behavior\ParseTemplateBehavior [ RunTime:0.005000s ]
INFO: [ view_parse ] --END-- [ RunTime:0.006000s ]
INFO: [ view_filter ] --START--
INFO: Run Behavior\WriteHtmlCacheBehavior [ RunTime:0.000000s ]
INFO: [ view_filter ] --END-- [ RunTime:0.000000s ]
INFO: [ app_end ] --START--
INFO: Run Behavior\ShowPageTraceBehavior [ RunTime:0.000000s ]
INFO: [ app_end ] --END-- [ RunTime:0.000000s ]

[ 2015-11-11T00:22:46+08:00 ] 127.0.0.1 /tp323/
INFO: [ app_init ] --START--
INFO: Run Behavior\BuildLiteBehavior [ RunTime:0.000000s ]
INFO: [ app_init ] --END-- [ RunTime:0.001001s ]
INFO: [ app_begin ] --START--
INFO: Run Behavior\ReadHtmlCacheBehavior [ RunTime:0.001000s ]
INFO: [ app_begin ] --END-- [ RunTime:0.001000s ]
SQL: SHOW COLUMNS FROM `ecs_category` [ RunTime:0.0030s ]
SQL: SELECT `cat_id`,`cat_name`,`parent_id` FROM `ecs_category` ORDER BY parent_id asc,cat_id asc  [ RunTime:0.0000s ]
SQL: SHOW COLUMNS FROM `ecs_brand` [ RunTime:0.0020s ]
SQL: SELECT * FROM `ecs_brand`  [ RunTime:0.0010s ]
INFO: [ view_parse ] --START--
INFO: [ template_filter ] --START--
INFO: Run Behavior\ContentReplaceBehavior [ RunTime:0.000000s ]
INFO: [ template_filter ] --END-- [ RunTime:0.000000s ]
NOTIC: [8] Undefined index: brand_id D:\phpStudy\WWW\tp323\Application\Runtime\Cache\Home\2a94b8bda04ff446dcedd42276fc99ee.php 第 71 行.
NOTIC: [8] Undefined index: brand_name D:\phpStudy\WWW\tp323\Application\Runtime\Cache\Home\2a94b8bda04ff446dcedd42276fc99ee.php 第 71 行.
NOTIC: [8] Undefined index: brand_id D:\phpStudy\WWW\tp323\Application\Runtime\Cache\Home\2a94b8bda04ff446dcedd42276fc99ee.php 第 71 行.
NOTIC: [8] Undefined index: brand_name D:\phpStudy\WWW\tp323\Application\Runtime\Cache\Home\2a94b8bda04ff446dcedd42276fc99ee.php 第 71 行.
NOTIC: [8] Undefined index: brand_id D:\phpStudy\WWW\tp323\Application\Runtime\Cache\Home\2a94b8bda04ff446dcedd42276fc99ee.php 第 71 行.
NOTIC: [8] Undefined index: brand_name D:\phpStudy\WWW\tp323\Application\Runtime\Cache\Home\2a94b8bda04ff446dcedd42276fc99ee.php 第 71 行.
NOTIC: [8] Undefined index: brand_id D:\phpStudy\WWW\tp323\Application\Runtime\Cache\Home\2a94b8bda04ff446dcedd42276fc99ee.php 第 71 行.
NOTIC: [8] Undefined index: brand_name D:\phpStudy\WWW\tp323\Application\Runtime\Cache\Home\2a94b8bda04ff446dcedd42276fc99ee.php 第 71 行.
NOTIC: [8] Undefined index: brand_id D:\phpStudy\WWW\tp323\Application\Runtime\Cache\Home\2a94b8bda04ff446dcedd42276fc99ee.php 第 71 行.
NOTIC: [8] Undefined index: brand_name D:\phpStudy\WWW\tp323\Application\Runtime\Cache\Home\2a94b8bda04ff446dcedd42276fc99ee.php 第 71 行.
NOTIC: [8] Undefined index: brand_id D:\phpStudy\WWW\tp323\Application\Runtime\Cache\Home\2a94b8bda04ff446dcedd42276fc99ee.php 第 71 行.
NOTIC: [8] Undefined index: brand_name D:\phpStudy\WWW\tp323\Application\Runtime\Cache\Home\2a94b8bda04ff446dcedd42276fc99ee.php 第 71 行.
NOTIC: [8] Undefined index: brand_id D:\phpStudy\WWW\tp323\Application\Runtime\Cache\Home\2a94b8bda04ff446dcedd42276fc99ee.php 第 71 行.
NOTIC: [8] Undefined index: brand_name D:\phpStudy\WWW\tp323\Application\Runtime\Cache\Home\2a94b8bda04ff446dcedd42276fc99ee.php 第 71 行.
NOTIC: [8] Undefined index: brand_id D:\phpStudy\WWW\tp323\Application\Runtime\Cache\Home\2a94b8bda04ff446dcedd42276fc99ee.php 第 71 行.
NOTIC: [8] Undefined index: brand_name D:\phpStudy\WWW\tp323\Application\Runtime\Cache\Home\2a94b8bda04ff446dcedd42276fc99ee.php 第 71 行.
NOTIC: [8] Undefined index: brand_id D:\phpStudy\WWW\tp323\Application\Runtime\Cache\Home\2a94b8bda04ff446dcedd42276fc99ee.php 第 71 行.
NOTIC: [8] Undefined index: brand_name D:\phpStudy\WWW\tp323\Application\Runtime\Cache\Home\2a94b8bda04ff446dcedd42276fc99ee.php 第 71 行.
NOTIC: [8] Undefined index: brand_id D:\phpStudy\WWW\tp323\Application\Runtime\Cache\Home\2a94b8bda04ff446dcedd42276fc99ee.php 第 71 行.
NOTIC: [8] Undefined index: brand_name D:\phpStudy\WWW\tp323\Application\Runtime\Cache\Home\2a94b8bda04ff446dcedd42276fc99ee.php 第 71 行.
NOTIC: [8] Undefined index: brand_id D:\phpStudy\WWW\tp323\Application\Runtime\Cache\Home\2a94b8bda04ff446dcedd42276fc99ee.php 第 71 行.
NOTIC: [8] Undefined index: brand_name D:\phpStudy\WWW\tp323\Application\Runtime\Cache\Home\2a94b8bda04ff446dcedd42276fc99ee.php 第 71 行.
INFO: Run Behavior\ParseTemplateBehavior [ RunTime:0.006001s ]
INFO: [ view_parse ] --END-- [ RunTime:0.006001s ]
INFO: [ view_filter ] --START--
INFO: Run Behavior\WriteHtmlCacheBehavior [ RunTime:0.001000s ]
INFO: [ view_filter ] --END-- [ RunTime:0.001000s ]
INFO: [ app_end ] --START--
INFO: Run Behavior\ShowPageTraceBehavior [ RunTime:0.000000s ]
INFO: [ app_end ] --END-- [ RunTime:0.000000s ]

[ 2015-11-11T00:23:09+08:00 ] 127.0.0.1 /tp323/
INFO: [ app_init ] --START--
INFO: Run Behavior\BuildLiteBehavior [ RunTime:0.000000s ]
INFO: [ app_init ] --END-- [ RunTime:0.001000s ]
INFO: [ app_begin ] --START--
INFO: Run Behavior\ReadHtmlCacheBehavior [ RunTime:0.001000s ]
INFO: [ app_begin ] --END-- [ RunTime:0.001000s ]
SQL: SHOW COLUMNS FROM `ecs_category` [ RunTime:0.0030s ]
SQL: SELECT `cat_id`,`cat_name`,`parent_id` FROM `ecs_category` ORDER BY parent_id asc,cat_id asc  [ RunTime:0.0000s ]
SQL: SHOW COLUMNS FROM `ecs_brand` [ RunTime:0.0020s ]
SQL: SELECT * FROM `ecs_brand`  [ RunTime:0.0010s ]
INFO: [ view_parse ] --START--
INFO: [ template_filter ] --START--
INFO: Run Behavior\ContentReplaceBehavior [ RunTime:0.000000s ]
INFO: [ template_filter ] --END-- [ RunTime:0.000000s ]
INFO: Run Behavior\ParseTemplateBehavior [ RunTime:0.005000s ]
INFO: [ view_parse ] --END-- [ RunTime:0.005000s ]
INFO: [ view_filter ] --START--
INFO: Run Behavior\WriteHtmlCacheBehavior [ RunTime:0.001000s ]
INFO: [ view_filter ] --END-- [ RunTime:0.001000s ]
INFO: [ app_end ] --START--
INFO: Run Behavior\ShowPageTraceBehavior [ RunTime:0.000000s ]
INFO: [ app_end ] --END-- [ RunTime:0.000000s ]

[ 2015-11-11T00:24:29+08:00 ] 127.0.0.1 /tp323/
INFO: [ app_init ] --START--
INFO: Run Behavior\BuildLiteBehavior [ RunTime:0.000000s ]
INFO: [ app_init ] --END-- [ RunTime:0.001000s ]
INFO: [ app_begin ] --START--
INFO: Run Behavior\ReadHtmlCacheBehavior [ RunTime:0.000000s ]
INFO: [ app_begin ] --END-- [ RunTime:0.000000s ]
SQL: SHOW COLUMNS FROM `ecs_category` [ RunTime:0.0030s ]
SQL: SELECT `cat_id`,`cat_name`,`parent_id` FROM `ecs_category` ORDER BY parent_id asc,cat_id asc  [ RunTime:0.0000s ]
SQL: SHOW COLUMNS FROM `ecs_brand` [ RunTime:0.0020s ]
SQL: SELECT * FROM `ecs_brand`  [ RunTime:0.0000s ]
INFO: [ view_parse ] --START--
INFO: [ template_filter ] --START--
INFO: Run Behavior\ContentReplaceBehavior [ RunTime:0.000000s ]
INFO: [ template_filter ] --END-- [ RunTime:0.001000s ]
INFO: Run Behavior\ParseTemplateBehavior [ RunTime:0.004000s ]
INFO: [ view_parse ] --END-- [ RunTime:0.004000s ]
INFO: [ view_filter ] --START--
INFO: Run Behavior\WriteHtmlCacheBehavior [ RunTime:0.000000s ]
INFO: [ view_filter ] --END-- [ RunTime:0.000000s ]
INFO: [ app_end ] --START--
INFO: Run Behavior\ShowPageTraceBehavior [ RunTime:0.000000s ]
INFO: [ app_end ] --END-- [ RunTime:0.000000s ]

[ 2015-11-11T00:25:26+08:00 ] 127.0.0.1 /tp323/
INFO: [ app_init ] --START--
INFO: Run Behavior\BuildLiteBehavior [ RunTime:0.000000s ]
INFO: [ app_init ] --END-- [ RunTime:0.001001s ]
INFO: [ app_begin ] --START--
INFO: Run Behavior\ReadHtmlCacheBehavior [ RunTime:0.001000s ]
INFO: [ app_begin ] --END-- [ RunTime:0.001000s ]
SQL: SHOW COLUMNS FROM `ecs_category` [ RunTime:0.0020s ]
SQL: SELECT `cat_id`,`cat_name`,`parent_id` FROM `ecs_category` ORDER BY parent_id asc,cat_id asc  [ RunTime:0.0000s ]
SQL: SHOW COLUMNS FROM `ecs_brand` [ RunTime:0.0020s ]
SQL: SELECT * FROM `ecs_brand`  [ RunTime:0.0010s ]
INFO: [ view_parse ] --START--
INFO: [ template_filter ] --START--
INFO: Run Behavior\ContentReplaceBehavior [ RunTime:0.000000s ]
INFO: [ template_filter ] --END-- [ RunTime:0.000000s ]
INFO: Run Behavior\ParseTemplateBehavior [ RunTime:0.005000s ]
INFO: [ view_parse ] --END-- [ RunTime:0.005000s ]
INFO: [ view_filter ] --START--
INFO: Run Behavior\WriteHtmlCacheBehavior [ RunTime:0.001000s ]
INFO: [ view_filter ] --END-- [ RunTime:0.001000s ]
INFO: [ app_end ] --START--
INFO: Run Behavior\ShowPageTraceBehavior [ RunTime:0.000000s ]
INFO: [ app_end ] --END-- [ RunTime:0.000000s ]

[ 2015-11-11T00:25:33+08:00 ] 127.0.0.1 /tp323/
INFO: [ app_init ] --START--
INFO: Run Behavior\BuildLiteBehavior [ RunTime:0.000000s ]
INFO: [ app_init ] --END-- [ RunTime:0.001000s ]
INFO: [ app_begin ] --START--
INFO: Run Behavior\ReadHtmlCacheBehavior [ RunTime:0.000000s ]
INFO: [ app_begin ] --END-- [ RunTime:0.000000s ]
SQL: SHOW COLUMNS FROM `ecs_category` [ RunTime:0.0020s ]
SQL: SELECT `cat_id`,`cat_name`,`parent_id` FROM `ecs_category` ORDER BY parent_id asc,cat_id asc  [ RunTime:0.0010s ]
SQL: SHOW COLUMNS FROM `ecs_brand` [ RunTime:0.0020s ]
SQL: SELECT * FROM `ecs_brand`  [ RunTime:0.0000s ]
INFO: [ view_parse ] --START--
INFO: [ template_filter ] --START--
INFO: Run Behavior\ContentReplaceBehavior [ RunTime:0.000000s ]
INFO: [ template_filter ] --END-- [ RunTime:0.000000s ]
INFO: Run Behavior\ParseTemplateBehavior [ RunTime:0.004000s ]
INFO: [ view_parse ] --END-- [ RunTime:0.004000s ]
INFO: [ view_filter ] --START--
INFO: Run Behavior\WriteHtmlCacheBehavior [ RunTime:0.001000s ]
INFO: [ view_filter ] --END-- [ RunTime:0.001000s ]
INFO: [ app_end ] --START--
INFO: Run Behavior\ShowPageTraceBehavior [ RunTime:0.000000s ]
INFO: [ app_end ] --END-- [ RunTime:0.000000s ]

